2021-03-31 16:39:20,109:INFO:PyCaret Supervised Module
2021-03-31 16:39:20,109:INFO:ML Usecase: classification
2021-03-31 16:39:20,109:INFO:version 2.2.3
2021-03-31 16:39:20,109:INFO:Initializing setup()
2021-03-31 16:39:20,109:INFO:setup(target=SalePrice, ml_usecase=classification, available_plots={'parameter': 'Hyperparameters', 'auc': 'AUC', 'confusion_matrix': 'Confusion Matrix', 'threshold': 'Threshold', 'pr': 'Precision Recall', 'error': 'Prediction Error', 'class_report': 'Class Report', 'rfe': 'Feature Selection', 'learning': 'Learning Curve', 'manifold': 'Manifold Learning', 'calibration': 'Calibration Curve', 'vc': 'Validation Curve', 'dimension': 'Dimensions', 'feature': 'Feature Importance', 'feature_all': 'Feature Importance (All)', 'boundary': 'Decision Boundary', 'lift': 'Lift Chart', 'gain': 'Gain Chart', 'tree': 'Decision Tree'}, train_size=0.7, test_data=None, preprocess=True, imputation_type=simple, iterative_imputation_iters=5, categorical_features=None, categorical_imputation=constant, categorical_iterative_imputer=lightgbm, ordinal_features=None, high_cardinality_features=None, high_cardinality_method=frequency, numeric_features=None, numeric_imputation=mean, numeric_iterative_imputer=lightgbm, date_features=None, ignore_features=None, normalize=False, normalize_method=zscore, transformation=False, transformation_method=yeo-johnson, handle_unknown_categorical=True, unknown_categorical_method=least_frequent, pca=False, pca_method=linear, pca_components=None, ignore_low_variance=False, combine_rare_levels=False, rare_level_threshold=0.1, bin_numeric_features=None, remove_outliers=False, outliers_threshold=0.05, remove_multicollinearity=False, multicollinearity_threshold=0.9, remove_perfect_collinearity=True, create_clusters=False, cluster_iter=20, polynomial_features=False, polynomial_degree=2, trigonometry_features=False, polynomial_threshold=0.1, group_features=None, group_names=None, feature_selection=False, feature_selection_threshold=0.8, feature_selection_method=classic, feature_interaction=False, feature_ratio=False, interaction_threshold=0.01, fix_imbalance=False, fix_imbalance_method=None, transform_target=False, transform_target_method=box-cox, data_split_shuffle=True, data_split_stratify=False, fold_strategy=stratifiedkfold, fold=10, fold_shuffle=False, fold_groups=None, n_jobs=-1, use_gpu=False, custom_pipeline=None, html=True, session_id=None, log_experiment=False, experiment_name=None, log_plots=False, log_profile=False, log_data=False, silent=False, verbose=True, profile=False, profile_kwargs=None, display=None)
2021-03-31 16:39:20,109:INFO:Checking environment
2021-03-31 16:39:20,109:INFO:python_version: 3.8.3
2021-03-31 16:39:20,109:INFO:python_build: ('default', 'Jul  2 2020 16:21:59')
2021-03-31 16:39:20,110:INFO:machine: x86_64
2021-03-31 16:39:20,243:INFO:platform: Linux-5.4.0-26-generic-x86_64-with-glibc2.10
2021-03-31 16:39:20,244:INFO:Memory: svmem(total=3629158400, available=1336254464, percent=63.2, used=1999319040, free=348254208, active=1786609664, inactive=961990656, buffers=177848320, cached=1103736832, shared=49442816, slab=182534144)
2021-03-31 16:39:20,245:INFO:Physical Core: 2
2021-03-31 16:39:20,273:INFO:Logical Core: 2
2021-03-31 16:39:20,273:INFO:Checking libraries
2021-03-31 16:39:20,273:INFO:pd==1.0.5
2021-03-31 16:39:20,274:INFO:numpy==1.19.3
2021-03-31 16:39:20,274:INFO:sklearn==0.23.2
2021-03-31 16:39:21,343:INFO:xgboost==1.3.3
2021-03-31 16:39:21,344:INFO:lightgbm==3.1.1
2021-03-31 16:39:21,871:INFO:catboost==0.24.4
2021-03-31 16:39:26,908:INFO:mlflow==1.13.1
2021-03-31 16:39:26,908:INFO:Checking Exceptions
2021-03-31 16:39:26,908:INFO:Declaring global variables
2021-03-31 16:39:26,909:INFO:USI: d6a0
2021-03-31 16:39:26,909:INFO:pycaret_globals: {'pycaret_globals', 'exp_name_log', 'imputation_regressor', 'stratify_param', 'target_param', 'fix_imbalance_method_param', '_all_models', 'transform_target_method_param', 'USI', 'transform_target_param', 'X_train', '_gpu_n_jobs_param', 'seed', 'prep_pipe', 'n_jobs_param', 'display_container', 'gpu_param', 'master_model_container', 'fold_param', 'fix_imbalance_param', '_all_metrics', '_internal_pipeline', 'X', 'X_test', 'logging_param', 'y_test', 'log_plots_param', 'data_before_preprocess', '_available_plots', '_ml_usecase', 'create_model_container', 'y_train', '_all_models_internal', 'imputation_classifier', 'fold_shuffle_param', 'fold_generator', 'y', 'html_param', 'experiment__', 'iterative_imputation_iters_param', 'fold_groups_param'}
2021-03-31 16:39:26,909:INFO:Preparing display monitor
2021-03-31 16:39:26,909:INFO:Preparing display monitor
2021-03-31 16:39:26,971:INFO:Importing libraries
2021-03-31 16:39:26,972:INFO:Copying data for preprocessing
2021-03-31 16:39:27,046:INFO:Declaring preprocessing parameters
2021-03-31 16:39:27,054:INFO:Creating preprocessing pipeline
2021-03-31 16:39:27,228:INFO:Preprocessing pipeline created successfully
2021-03-31 16:39:27,228:ERROR:(Process Exit): setup has been interupted with user command 'quit'. setup must rerun.
2021-03-31 16:39:27,228:INFO:Creating global containers
2021-03-31 16:39:27,246:INFO:Internal pipeline: Pipeline(memory=None, steps=[('empty_step', 'passthrough')], verbose=False)
2021-03-31 16:41:25,333:INFO:PyCaret Supervised Module
2021-03-31 16:41:25,333:INFO:ML Usecase: regression
2021-03-31 16:41:25,333:INFO:version 2.2.3
2021-03-31 16:41:25,334:INFO:Initializing setup()
2021-03-31 16:41:25,334:INFO:setup(target=SalePrice, ml_usecase=regression, available_plots={'parameter': 'Hyperparameters', 'residuals': 'Residuals', 'error': 'Prediction Error', 'cooks': 'Cooks Distance', 'rfe': 'Feature Selection', 'learning': 'Learning Curve', 'manifold': 'Manifold Learning', 'vc': 'Validation Curve', 'feature': 'Feature Importance', 'feature_all': 'Feature Importance (All)', 'tree': 'Decision Tree'}, train_size=0.7, test_data=None, preprocess=True, imputation_type=simple, iterative_imputation_iters=5, categorical_features=None, categorical_imputation=constant, categorical_iterative_imputer=lightgbm, ordinal_features=None, high_cardinality_features=None, high_cardinality_method=frequency, numeric_features=None, numeric_imputation=mean, numeric_iterative_imputer=lightgbm, date_features=None, ignore_features=None, normalize=False, normalize_method=zscore, transformation=False, transformation_method=yeo-johnson, handle_unknown_categorical=True, unknown_categorical_method=least_frequent, pca=False, pca_method=linear, pca_components=None, ignore_low_variance=False, combine_rare_levels=False, rare_level_threshold=0.1, bin_numeric_features=None, remove_outliers=False, outliers_threshold=0.05, remove_multicollinearity=False, multicollinearity_threshold=0.9, remove_perfect_collinearity=True, create_clusters=False, cluster_iter=20, polynomial_features=False, polynomial_degree=2, trigonometry_features=False, polynomial_threshold=0.1, group_features=None, group_names=None, feature_selection=False, feature_selection_threshold=0.8, feature_selection_method=classic, feature_interaction=False, feature_ratio=False, interaction_threshold=0.01, fix_imbalance=False, fix_imbalance_method=None, transform_target=False, transform_target_method=box-cox, data_split_shuffle=True, data_split_stratify=False, fold_strategy=kfold, fold=10, fold_shuffle=False, fold_groups=None, n_jobs=-1, use_gpu=False, custom_pipeline=None, html=True, session_id=None, log_experiment=False, experiment_name=None, log_plots=False, log_profile=False, log_data=False, silent=False, verbose=True, profile=False, profile_kwargs=None, display=None)
2021-03-31 16:41:25,334:INFO:Checking environment
2021-03-31 16:41:25,334:INFO:python_version: 3.8.3
2021-03-31 16:41:25,334:INFO:python_build: ('default', 'Jul  2 2020 16:21:59')
2021-03-31 16:41:25,334:INFO:machine: x86_64
2021-03-31 16:41:25,334:INFO:platform: Linux-5.4.0-26-generic-x86_64-with-glibc2.10
2021-03-31 16:41:25,334:INFO:Memory: svmem(total=3629158400, available=1281736704, percent=64.7, used=2058432512, free=243453952, active=1838301184, inactive=1002131456, buffers=179642368, cached=1147629568, shared=43741184, slab=185327616)
2021-03-31 16:41:25,335:INFO:Physical Core: 2
2021-03-31 16:41:25,335:INFO:Logical Core: 2
2021-03-31 16:41:25,335:INFO:Checking libraries
2021-03-31 16:41:25,335:INFO:pd==1.0.5
2021-03-31 16:41:25,335:INFO:numpy==1.19.3
2021-03-31 16:41:25,335:INFO:sklearn==0.23.2
2021-03-31 16:41:25,335:INFO:xgboost==1.3.3
2021-03-31 16:41:25,335:INFO:lightgbm==3.1.1
2021-03-31 16:41:25,336:INFO:catboost==0.24.4
2021-03-31 16:41:25,336:INFO:mlflow==1.13.1
2021-03-31 16:41:25,336:INFO:Checking Exceptions
2021-03-31 16:41:25,336:INFO:Declaring global variables
2021-03-31 16:41:25,337:INFO:USI: ba3c
2021-03-31 16:41:25,337:INFO:pycaret_globals: {'pycaret_globals', 'exp_name_log', 'imputation_regressor', 'stratify_param', 'target_param', 'fix_imbalance_method_param', '_all_models', 'transform_target_method_param', 'USI', 'transform_target_param', 'X_train', '_gpu_n_jobs_param', 'seed', 'prep_pipe', 'n_jobs_param', 'display_container', 'gpu_param', 'master_model_container', 'fold_param', 'fix_imbalance_param', '_all_metrics', '_internal_pipeline', 'X', 'X_test', 'logging_param', 'y_test', 'log_plots_param', 'data_before_preprocess', '_available_plots', '_ml_usecase', 'create_model_container', 'y_train', '_all_models_internal', 'imputation_classifier', 'fold_shuffle_param', 'fold_generator', 'y', 'html_param', 'experiment__', 'iterative_imputation_iters_param', 'fold_groups_param'}
2021-03-31 16:41:25,337:INFO:Preparing display monitor
2021-03-31 16:41:25,337:INFO:Preparing display monitor
2021-03-31 16:41:25,372:INFO:Importing libraries
2021-03-31 16:41:25,372:INFO:Copying data for preprocessing
2021-03-31 16:41:25,392:INFO:Declaring preprocessing parameters
2021-03-31 16:41:25,398:INFO:Creating preprocessing pipeline
2021-03-31 16:41:25,509:INFO:Preprocessing pipeline created successfully
2021-03-31 16:41:25,510:ERROR:(Process Exit): setup has been interupted with user command 'quit'. setup must rerun.
2021-03-31 16:41:25,510:INFO:Creating global containers
2021-03-31 16:41:25,510:INFO:Internal pipeline: Pipeline(memory=None, steps=[('empty_step', 'passthrough')], verbose=False)
2021-03-31 16:42:21,849:INFO:Creating grid variables
2021-03-31 16:42:22,261:INFO:create_model_container: 0
2021-03-31 16:42:22,261:INFO:master_model_container: 0
2021-03-31 16:42:22,261:INFO:display_container: 1
2021-03-31 16:42:22,273:INFO:Pipeline(memory=None,
         steps=[('dtypes',
                 DataTypes_Auto_infer(categorical_features=[],
                                      display_types=True, features_todrop=[],
                                      id_columns=[], ml_usecase='regression',
                                      numerical_features=[], target='SalePrice',
                                      time_features=[])),
                ('imputer',
                 Simple_Imputer(categorical_strategy='not_available',
                                fill_value_categorical=None,
                                fill_value_numerical=None,
                                numeric_strate...
                ('scaling', 'passthrough'), ('P_transform', 'passthrough'),
                ('binn', 'passthrough'), ('rem_outliers', 'passthrough'),
                ('cluster_all', 'passthrough'),
                ('dummy', Dummify(target='SalePrice')),
                ('fix_perfect', Remove_100(target='SalePrice')),
                ('clean_names', Clean_Colum_Names()),
                ('feature_select', 'passthrough'), ('fix_multi', 'passthrough'),
                ('dfs', 'passthrough'), ('pca', 'passthrough')],
         verbose=False)
2021-03-31 16:42:22,274:INFO:setup() succesfully completed......................................
2021-03-31 16:45:03,902:INFO:PyCaret Supervised Module
2021-03-31 16:45:03,909:INFO:ML Usecase: regression
2021-03-31 16:45:03,909:INFO:version 2.2.3
2021-03-31 16:45:03,909:INFO:Initializing setup()
2021-03-31 16:45:03,909:INFO:setup(target=SalePrice, ml_usecase=regression, available_plots={'parameter': 'Hyperparameters', 'residuals': 'Residuals', 'error': 'Prediction Error', 'cooks': 'Cooks Distance', 'rfe': 'Feature Selection', 'learning': 'Learning Curve', 'manifold': 'Manifold Learning', 'vc': 'Validation Curve', 'feature': 'Feature Importance', 'feature_all': 'Feature Importance (All)', 'tree': 'Decision Tree'}, train_size=0.7, test_data=None, preprocess=True, imputation_type=simple, iterative_imputation_iters=5, categorical_features=None, categorical_imputation=constant, categorical_iterative_imputer=lightgbm, ordinal_features=None, high_cardinality_features=None, high_cardinality_method=frequency, numeric_features=None, numeric_imputation=mean, numeric_iterative_imputer=lightgbm, date_features=None, ignore_features=None, normalize=False, normalize_method=zscore, transformation=False, transformation_method=yeo-johnson, handle_unknown_categorical=True, unknown_categorical_method=least_frequent, pca=False, pca_method=linear, pca_components=None, ignore_low_variance=False, combine_rare_levels=False, rare_level_threshold=0.1, bin_numeric_features=None, remove_outliers=False, outliers_threshold=0.05, remove_multicollinearity=False, multicollinearity_threshold=0.9, remove_perfect_collinearity=True, create_clusters=False, cluster_iter=20, polynomial_features=False, polynomial_degree=2, trigonometry_features=False, polynomial_threshold=0.1, group_features=None, group_names=None, feature_selection=False, feature_selection_threshold=0.8, feature_selection_method=classic, feature_interaction=False, feature_ratio=False, interaction_threshold=0.01, fix_imbalance=False, fix_imbalance_method=None, transform_target=False, transform_target_method=box-cox, data_split_shuffle=True, data_split_stratify=False, fold_strategy=kfold, fold=10, fold_shuffle=False, fold_groups=None, n_jobs=-1, use_gpu=False, custom_pipeline=None, html=True, session_id=None, log_experiment=False, experiment_name=None, log_plots=False, log_profile=False, log_data=False, silent=False, verbose=True, profile=False, profile_kwargs=None, display=None)
2021-03-31 16:45:03,910:INFO:Checking environment
2021-03-31 16:45:03,910:INFO:python_version: 3.8.3
2021-03-31 16:45:03,910:INFO:python_build: ('default', 'Jul  2 2020 16:21:59')
2021-03-31 16:45:03,910:INFO:machine: x86_64
2021-03-31 16:45:03,910:INFO:platform: Linux-5.4.0-26-generic-x86_64-with-glibc2.10
2021-03-31 16:45:03,910:INFO:Memory: svmem(total=3629158400, available=1249079296, percent=65.6, used=2092433408, free=202653696, active=1878425600, inactive=1006391296, buffers=180117504, cached=1153953792, shared=42582016, slab=185057280)
2021-03-31 16:45:03,911:INFO:Physical Core: 2
2021-03-31 16:45:03,911:INFO:Logical Core: 2
2021-03-31 16:45:03,912:INFO:Checking libraries
2021-03-31 16:45:03,912:INFO:pd==1.0.5
2021-03-31 16:45:03,912:INFO:numpy==1.19.3
2021-03-31 16:45:03,912:INFO:sklearn==0.23.2
2021-03-31 16:45:03,912:INFO:xgboost==1.3.3
2021-03-31 16:45:03,912:INFO:lightgbm==3.1.1
2021-03-31 16:45:03,912:INFO:catboost==0.24.4
2021-03-31 16:45:03,912:INFO:mlflow==1.13.1
2021-03-31 16:45:03,912:INFO:Checking Exceptions
2021-03-31 16:45:03,912:INFO:Declaring global variables
2021-03-31 16:45:03,913:INFO:USI: 1d1e
2021-03-31 16:45:03,913:INFO:pycaret_globals: {'pycaret_globals', 'exp_name_log', 'imputation_regressor', 'stratify_param', 'target_param', 'fix_imbalance_method_param', '_all_models', 'transform_target_method_param', 'USI', 'transform_target_param', 'X_train', '_gpu_n_jobs_param', 'seed', 'prep_pipe', 'n_jobs_param', 'display_container', 'gpu_param', 'master_model_container', 'fold_param', 'fix_imbalance_param', '_all_metrics', '_internal_pipeline', 'X', 'X_test', 'logging_param', 'y_test', 'log_plots_param', 'data_before_preprocess', '_available_plots', '_ml_usecase', 'create_model_container', 'y_train', '_all_models_internal', 'imputation_classifier', 'fold_shuffle_param', 'fold_generator', 'y', 'html_param', 'experiment__', 'iterative_imputation_iters_param', 'fold_groups_param'}
2021-03-31 16:45:03,913:INFO:Preparing display monitor
2021-03-31 16:45:03,913:INFO:Preparing display monitor
2021-03-31 16:45:03,956:INFO:Importing libraries
2021-03-31 16:45:03,956:INFO:Copying data for preprocessing
2021-03-31 16:45:04,012:INFO:Declaring preprocessing parameters
2021-03-31 16:45:04,017:INFO:Creating preprocessing pipeline
2021-03-31 16:45:04,171:INFO:Preprocessing pipeline created successfully
2021-03-31 16:45:04,172:ERROR:(Process Exit): setup has been interupted with user command 'quit'. setup must rerun.
2021-03-31 16:45:04,172:INFO:Creating global containers
2021-03-31 16:45:04,172:INFO:Internal pipeline: Pipeline(memory=None, steps=[('empty_step', 'passthrough')], verbose=False)
2021-03-31 16:45:08,936:INFO:Creating grid variables
2021-03-31 16:45:09,038:INFO:create_model_container: 0
2021-03-31 16:45:09,039:INFO:master_model_container: 0
2021-03-31 16:45:09,039:INFO:display_container: 1
2021-03-31 16:45:09,051:INFO:Pipeline(memory=None,
         steps=[('dtypes',
                 DataTypes_Auto_infer(categorical_features=[],
                                      display_types=True, features_todrop=[],
                                      id_columns=[], ml_usecase='regression',
                                      numerical_features=[], target='SalePrice',
                                      time_features=[])),
                ('imputer',
                 Simple_Imputer(categorical_strategy='not_available',
                                fill_value_categorical=None,
                                fill_value_numerical=None,
                                numeric_strate...
                ('scaling', 'passthrough'), ('P_transform', 'passthrough'),
                ('binn', 'passthrough'), ('rem_outliers', 'passthrough'),
                ('cluster_all', 'passthrough'),
                ('dummy', Dummify(target='SalePrice')),
                ('fix_perfect', Remove_100(target='SalePrice')),
                ('clean_names', Clean_Colum_Names()),
                ('feature_select', 'passthrough'), ('fix_multi', 'passthrough'),
                ('dfs', 'passthrough'), ('pca', 'passthrough')],
         verbose=False)
2021-03-31 16:45:09,051:INFO:setup() succesfully completed......................................
2021-03-31 16:45:48,139:INFO:Initializing compare_models()
2021-03-31 16:45:48,142:INFO:compare_models(include=None, fold=None, round=4, cross_validation=True, sort=R2, n_select=1, budget_time=None, turbo=True, errors=ignore, fit_kwargs=None, groups=None, verbose=True, display=None, exclude=None)
2021-03-31 16:45:48,144:INFO:Checking exceptions
2021-03-31 16:45:48,146:INFO:Preparing display monitor
2021-03-31 16:45:48,146:INFO:Preparing display monitor
2021-03-31 16:45:48,267:INFO:Initializing Linear Regression
2021-03-31 16:45:48,267:INFO:Total runtime is 5.038579305013021e-06 minutes
2021-03-31 16:45:48,306:INFO:SubProcess create_model() called ==================================
2021-03-31 16:45:48,307:INFO:Initializing create_model()
2021-03-31 16:45:48,307:INFO:create_model(estimator=lr, fold=KFold(n_splits=10, random_state=2794, shuffle=False), round=4, cross_validation=True, predict=True, fit_kwargs={}, groups=None, refit=False, verbose=False, system=False, metrics=None, display=<pycaret.internal.Display.Display object at 0x7f104099f6d0>, kwargs={})
2021-03-31 16:45:48,308:INFO:Checking exceptions
2021-03-31 16:45:48,308:INFO:Importing libraries
2021-03-31 16:45:48,308:INFO:Copying training dataset
2021-03-31 16:45:48,314:INFO:Defining folds
2021-03-31 16:45:48,314:INFO:Declaring metric variables
2021-03-31 16:45:48,348:INFO:Importing untrained model
2021-03-31 16:45:48,376:INFO:Linear Regression Imported succesfully
2021-03-31 16:45:48,432:INFO:Starting cross validation
2021-03-31 16:45:48,464:INFO:Cross validating with KFold(n_splits=10, random_state=2794, shuffle=False), n_jobs=-1
2021-03-31 16:45:56,907:INFO:Calculating mean and std
2021-03-31 16:45:56,911:INFO:Creating metrics dataframe
2021-03-31 16:45:56,922:INFO:Uploading results into container
2021-03-31 16:45:56,922:INFO:Uploading model into container now
2021-03-31 16:45:56,922:INFO:create_model_container: 1
2021-03-31 16:45:56,922:INFO:master_model_container: 1
2021-03-31 16:45:56,922:INFO:display_container: 2
2021-03-31 16:45:56,923:INFO:LinearRegression(copy_X=True, fit_intercept=True, n_jobs=-1, normalize=False)
2021-03-31 16:45:56,923:INFO:create_model() succesfully completed......................................
2021-03-31 16:45:57,159:INFO:SubProcess create_model() end ==================================
2021-03-31 16:45:57,159:INFO:Creating metrics dataframe
2021-03-31 16:45:57,221:INFO:Initializing Lasso Regression
2021-03-31 16:45:57,221:INFO:Total runtime is 0.1492389400800069 minutes
2021-03-31 16:45:57,246:INFO:SubProcess create_model() called ==================================
2021-03-31 16:45:57,247:INFO:Initializing create_model()
2021-03-31 16:45:57,247:INFO:create_model(estimator=lasso, fold=KFold(n_splits=10, random_state=2794, shuffle=False), round=4, cross_validation=True, predict=True, fit_kwargs={}, groups=None, refit=False, verbose=False, system=False, metrics=None, display=<pycaret.internal.Display.Display object at 0x7f104099f6d0>, kwargs={})
2021-03-31 16:45:57,247:INFO:Checking exceptions
2021-03-31 16:45:57,247:INFO:Importing libraries
2021-03-31 16:45:57,247:INFO:Copying training dataset
2021-03-31 16:45:57,250:INFO:Defining folds
2021-03-31 16:45:57,250:INFO:Declaring metric variables
2021-03-31 16:45:57,273:INFO:Importing untrained model
2021-03-31 16:45:57,321:INFO:Lasso Regression Imported succesfully
2021-03-31 16:45:57,385:INFO:Starting cross validation
2021-03-31 16:45:57,386:INFO:Cross validating with KFold(n_splits=10, random_state=2794, shuffle=False), n_jobs=-1
2021-03-31 16:46:02,257:INFO:Calculating mean and std
2021-03-31 16:46:02,259:INFO:Creating metrics dataframe
2021-03-31 16:46:02,288:INFO:Uploading results into container
2021-03-31 16:46:02,288:INFO:Uploading model into container now
2021-03-31 16:46:02,289:INFO:create_model_container: 2
2021-03-31 16:46:02,289:INFO:master_model_container: 2
2021-03-31 16:46:02,289:INFO:display_container: 2
2021-03-31 16:46:02,289:INFO:Lasso(alpha=1.0, copy_X=True, fit_intercept=True, max_iter=1000,
      normalize=False, positive=False, precompute=False, random_state=2794,
      selection='cyclic', tol=0.0001, warm_start=False)
2021-03-31 16:46:02,290:INFO:create_model() succesfully completed......................................
2021-03-31 16:46:02,502:INFO:SubProcess create_model() end ==================================
2021-03-31 16:46:02,503:INFO:Creating metrics dataframe
2021-03-31 16:46:02,528:INFO:Initializing Ridge Regression
2021-03-31 16:46:02,528:INFO:Total runtime is 0.23768895864486694 minutes
2021-03-31 16:46:02,559:INFO:SubProcess create_model() called ==================================
2021-03-31 16:46:02,562:INFO:Initializing create_model()
2021-03-31 16:46:02,562:INFO:create_model(estimator=ridge, fold=KFold(n_splits=10, random_state=2794, shuffle=False), round=4, cross_validation=True, predict=True, fit_kwargs={}, groups=None, refit=False, verbose=False, system=False, metrics=None, display=<pycaret.internal.Display.Display object at 0x7f104099f6d0>, kwargs={})
2021-03-31 16:46:02,562:INFO:Checking exceptions
2021-03-31 16:46:02,562:INFO:Importing libraries
2021-03-31 16:46:02,562:INFO:Copying training dataset
2021-03-31 16:46:02,565:INFO:Defining folds
2021-03-31 16:46:02,567:INFO:Declaring metric variables
2021-03-31 16:46:02,606:INFO:Importing untrained model
2021-03-31 16:46:02,648:INFO:Ridge Regression Imported succesfully
2021-03-31 16:46:02,710:INFO:Starting cross validation
2021-03-31 16:46:02,711:INFO:Cross validating with KFold(n_splits=10, random_state=2794, shuffle=False), n_jobs=-1
2021-03-31 16:46:03,787:INFO:Calculating mean and std
2021-03-31 16:46:03,790:INFO:Creating metrics dataframe
2021-03-31 16:46:03,800:INFO:Uploading results into container
2021-03-31 16:46:03,800:INFO:Uploading model into container now
2021-03-31 16:46:03,800:INFO:create_model_container: 3
2021-03-31 16:46:03,800:INFO:master_model_container: 3
2021-03-31 16:46:03,800:INFO:display_container: 2
2021-03-31 16:46:03,801:INFO:Ridge(alpha=1.0, copy_X=True, fit_intercept=True, max_iter=None,
      normalize=False, random_state=2794, solver='auto', tol=0.001)
2021-03-31 16:46:03,801:INFO:create_model() succesfully completed......................................
2021-03-31 16:46:04,024:INFO:SubProcess create_model() end ==================================
2021-03-31 16:46:04,024:INFO:Creating metrics dataframe
2021-03-31 16:46:04,064:INFO:Initializing Elastic Net
2021-03-31 16:46:04,064:INFO:Total runtime is 0.263290015856425 minutes
2021-03-31 16:46:04,089:INFO:SubProcess create_model() called ==================================
2021-03-31 16:46:04,090:INFO:Initializing create_model()
2021-03-31 16:46:04,090:INFO:create_model(estimator=en, fold=KFold(n_splits=10, random_state=2794, shuffle=False), round=4, cross_validation=True, predict=True, fit_kwargs={}, groups=None, refit=False, verbose=False, system=False, metrics=None, display=<pycaret.internal.Display.Display object at 0x7f104099f6d0>, kwargs={})
2021-03-31 16:46:04,090:INFO:Checking exceptions
2021-03-31 16:46:04,090:INFO:Importing libraries
2021-03-31 16:46:04,090:INFO:Copying training dataset
2021-03-31 16:46:04,093:INFO:Defining folds
2021-03-31 16:46:04,093:INFO:Declaring metric variables
2021-03-31 16:46:04,114:INFO:Importing untrained model
2021-03-31 16:46:04,148:INFO:Elastic Net Imported succesfully
2021-03-31 16:46:04,196:INFO:Starting cross validation
2021-03-31 16:46:04,197:INFO:Cross validating with KFold(n_splits=10, random_state=2794, shuffle=False), n_jobs=-1
2021-03-31 16:46:09,347:INFO:Calculating mean and std
2021-03-31 16:46:09,349:INFO:Creating metrics dataframe
2021-03-31 16:46:09,360:INFO:Uploading results into container
2021-03-31 16:46:09,361:INFO:Uploading model into container now
2021-03-31 16:46:09,361:INFO:create_model_container: 4
2021-03-31 16:46:09,361:INFO:master_model_container: 4
2021-03-31 16:46:09,361:INFO:display_container: 2
2021-03-31 16:46:09,362:INFO:ElasticNet(alpha=1.0, copy_X=True, fit_intercept=True, l1_ratio=0.5,
           max_iter=1000, normalize=False, positive=False, precompute=False,
           random_state=2794, selection='cyclic', tol=0.0001, warm_start=False)
2021-03-31 16:46:09,362:INFO:create_model() succesfully completed......................................
2021-03-31 16:46:09,582:INFO:SubProcess create_model() end ==================================
2021-03-31 16:46:09,583:INFO:Creating metrics dataframe
2021-03-31 16:46:09,627:INFO:Initializing Least Angle Regression
2021-03-31 16:46:09,627:INFO:Total runtime is 0.35600377718607584 minutes
2021-03-31 16:46:09,645:INFO:SubProcess create_model() called ==================================
2021-03-31 16:46:09,646:INFO:Initializing create_model()
2021-03-31 16:46:09,646:INFO:create_model(estimator=lar, fold=KFold(n_splits=10, random_state=2794, shuffle=False), round=4, cross_validation=True, predict=True, fit_kwargs={}, groups=None, refit=False, verbose=False, system=False, metrics=None, display=<pycaret.internal.Display.Display object at 0x7f104099f6d0>, kwargs={})
2021-03-31 16:46:09,646:INFO:Checking exceptions
2021-03-31 16:46:09,646:INFO:Importing libraries
2021-03-31 16:46:09,646:INFO:Copying training dataset
2021-03-31 16:46:09,649:INFO:Defining folds
2021-03-31 16:46:09,649:INFO:Declaring metric variables
2021-03-31 16:46:09,670:INFO:Importing untrained model
2021-03-31 16:46:09,691:INFO:Least Angle Regression Imported succesfully
2021-03-31 16:46:09,749:INFO:Starting cross validation
2021-03-31 16:46:09,750:INFO:Cross validating with KFold(n_splits=10, random_state=2794, shuffle=False), n_jobs=-1
2021-03-31 16:46:10,750:WARNING:create_model() for lar raised an exception or returned all 0.0, trying without fit_kwargs:
2021-03-31 16:46:10,764:WARNING:joblib.externals.loky.process_executor._RemoteTraceback: 
"""
Traceback (most recent call last):
  File "/root/anaconda3/lib/python3.8/site-packages/joblib/externals/loky/process_executor.py", line 431, in _process_worker
    r = call_item()
  File "/root/anaconda3/lib/python3.8/site-packages/joblib/externals/loky/process_executor.py", line 285, in __call__
    return self.fn(*self.args, **self.kwargs)
  File "/root/anaconda3/lib/python3.8/site-packages/joblib/_parallel_backends.py", line 595, in __call__
    return self.func(*args, **kwargs)
  File "/root/anaconda3/lib/python3.8/site-packages/joblib/parallel.py", line 252, in __call__
    return [func(*args, **kwargs)
  File "/root/anaconda3/lib/python3.8/site-packages/joblib/parallel.py", line 252, in <listcomp>
    return [func(*args, **kwargs)
  File "/root/anaconda3/lib/python3.8/site-packages/sklearn/model_selection/_validation.py", line 560, in _fit_and_score
    test_scores = _score(estimator, X_test, y_test, scorer)
  File "/root/anaconda3/lib/python3.8/site-packages/sklearn/model_selection/_validation.py", line 607, in _score
    scores = scorer(estimator, X_test, y_test)
  File "/root/anaconda3/lib/python3.8/site-packages/sklearn/metrics/_scorer.py", line 87, in __call__
    score = scorer._score(cached_call, estimator,
  File "/root/anaconda3/lib/python3.8/site-packages/sklearn/metrics/_scorer.py", line 212, in _score
    return self._sign * self._score_func(y_true, y_pred,
  File "/root/anaconda3/lib/python3.8/site-packages/sklearn/utils/validation.py", line 72, in inner_f
    return f(**kwargs)
  File "/root/anaconda3/lib/python3.8/site-packages/sklearn/metrics/_regression.py", line 178, in mean_absolute_error
    y_type, y_true, y_pred, multioutput = _check_reg_targets(
  File "/root/anaconda3/lib/python3.8/site-packages/sklearn/metrics/_regression.py", line 86, in _check_reg_targets
    y_pred = check_array(y_pred, ensure_2d=False, dtype=dtype)
  File "/root/anaconda3/lib/python3.8/site-packages/sklearn/utils/validation.py", line 72, in inner_f
    return f(**kwargs)
  File "/root/anaconda3/lib/python3.8/site-packages/sklearn/utils/validation.py", line 644, in check_array
    _assert_all_finite(array,
  File "/root/anaconda3/lib/python3.8/site-packages/sklearn/utils/validation.py", line 96, in _assert_all_finite
    raise ValueError(
ValueError: Input contains NaN, infinity or a value too large for dtype('float64').
"""

The above exception was the direct cause of the following exception:

Traceback (most recent call last):
  File "/root/anaconda3/lib/python3.8/site-packages/pycaret/internal/tabular.py", line 2141, in compare_models
    model, model_fit_time = create_model_supervised(
  File "/root/anaconda3/lib/python3.8/site-packages/pycaret/internal/tabular.py", line 3090, in create_model_supervised
    scores = cross_validate(
  File "/root/anaconda3/lib/python3.8/site-packages/sklearn/utils/validation.py", line 72, in inner_f
    return f(**kwargs)
  File "/root/anaconda3/lib/python3.8/site-packages/sklearn/model_selection/_validation.py", line 242, in cross_validate
    scores = parallel(
  File "/root/anaconda3/lib/python3.8/site-packages/joblib/parallel.py", line 1042, in __call__
    self.retrieve()
  File "/root/anaconda3/lib/python3.8/site-packages/joblib/parallel.py", line 921, in retrieve
    self._output.extend(job.get(timeout=self.timeout))
  File "/root/anaconda3/lib/python3.8/site-packages/joblib/_parallel_backends.py", line 542, in wrap_future_result
    return future.result(timeout=timeout)
  File "/root/anaconda3/lib/python3.8/concurrent/futures/_base.py", line 439, in result
    return self.__get_result()
  File "/root/anaconda3/lib/python3.8/concurrent/futures/_base.py", line 388, in __get_result
    raise self._exception
ValueError: Input contains NaN, infinity or a value too large for dtype('float64').

2021-03-31 16:46:10,765:INFO:Initializing create_model()
2021-03-31 16:46:10,766:INFO:create_model(estimator=lar, fold=KFold(n_splits=10, random_state=2794, shuffle=False), round=4, cross_validation=True, predict=True, fit_kwargs=None, groups=None, refit=False, verbose=False, system=False, metrics=None, display=<pycaret.internal.Display.Display object at 0x7f104099f6d0>, kwargs={})
2021-03-31 16:46:10,766:INFO:Checking exceptions
2021-03-31 16:46:10,766:INFO:Importing libraries
2021-03-31 16:46:10,766:INFO:Copying training dataset
2021-03-31 16:46:10,770:INFO:Defining folds
2021-03-31 16:46:10,770:INFO:Declaring metric variables
2021-03-31 16:46:10,797:INFO:Importing untrained model
2021-03-31 16:46:10,817:INFO:Least Angle Regression Imported succesfully
2021-03-31 16:46:10,863:INFO:Starting cross validation
2021-03-31 16:46:10,864:INFO:Cross validating with KFold(n_splits=10, random_state=2794, shuffle=False), n_jobs=-1
2021-03-31 16:46:14,831:ERROR:create_model() for lar raised an exception:
2021-03-31 16:46:14,832:ERROR:joblib.externals.loky.process_executor._RemoteTraceback: 
"""
Traceback (most recent call last):
  File "/root/anaconda3/lib/python3.8/site-packages/joblib/externals/loky/process_executor.py", line 431, in _process_worker
    r = call_item()
  File "/root/anaconda3/lib/python3.8/site-packages/joblib/externals/loky/process_executor.py", line 285, in __call__
    return self.fn(*self.args, **self.kwargs)
  File "/root/anaconda3/lib/python3.8/site-packages/joblib/_parallel_backends.py", line 595, in __call__
    return self.func(*args, **kwargs)
  File "/root/anaconda3/lib/python3.8/site-packages/joblib/parallel.py", line 252, in __call__
    return [func(*args, **kwargs)
  File "/root/anaconda3/lib/python3.8/site-packages/joblib/parallel.py", line 252, in <listcomp>
    return [func(*args, **kwargs)
  File "/root/anaconda3/lib/python3.8/site-packages/sklearn/model_selection/_validation.py", line 560, in _fit_and_score
    test_scores = _score(estimator, X_test, y_test, scorer)
  File "/root/anaconda3/lib/python3.8/site-packages/sklearn/model_selection/_validation.py", line 607, in _score
    scores = scorer(estimator, X_test, y_test)
  File "/root/anaconda3/lib/python3.8/site-packages/sklearn/metrics/_scorer.py", line 87, in __call__
    score = scorer._score(cached_call, estimator,
  File "/root/anaconda3/lib/python3.8/site-packages/sklearn/metrics/_scorer.py", line 212, in _score
    return self._sign * self._score_func(y_true, y_pred,
  File "/root/anaconda3/lib/python3.8/site-packages/sklearn/utils/validation.py", line 72, in inner_f
    return f(**kwargs)
  File "/root/anaconda3/lib/python3.8/site-packages/sklearn/metrics/_regression.py", line 178, in mean_absolute_error
    y_type, y_true, y_pred, multioutput = _check_reg_targets(
  File "/root/anaconda3/lib/python3.8/site-packages/sklearn/metrics/_regression.py", line 86, in _check_reg_targets
    y_pred = check_array(y_pred, ensure_2d=False, dtype=dtype)
  File "/root/anaconda3/lib/python3.8/site-packages/sklearn/utils/validation.py", line 72, in inner_f
    return f(**kwargs)
  File "/root/anaconda3/lib/python3.8/site-packages/sklearn/utils/validation.py", line 644, in check_array
    _assert_all_finite(array,
  File "/root/anaconda3/lib/python3.8/site-packages/sklearn/utils/validation.py", line 96, in _assert_all_finite
    raise ValueError(
ValueError: Input contains NaN, infinity or a value too large for dtype('float64').
"""

The above exception was the direct cause of the following exception:

Traceback (most recent call last):
  File "/root/anaconda3/lib/python3.8/site-packages/pycaret/internal/tabular.py", line 2161, in compare_models
    model, model_fit_time = create_model_supervised(
  File "/root/anaconda3/lib/python3.8/site-packages/pycaret/internal/tabular.py", line 3090, in create_model_supervised
    scores = cross_validate(
  File "/root/anaconda3/lib/python3.8/site-packages/sklearn/utils/validation.py", line 72, in inner_f
    return f(**kwargs)
  File "/root/anaconda3/lib/python3.8/site-packages/sklearn/model_selection/_validation.py", line 242, in cross_validate
    scores = parallel(
  File "/root/anaconda3/lib/python3.8/site-packages/joblib/parallel.py", line 1042, in __call__
    self.retrieve()
  File "/root/anaconda3/lib/python3.8/site-packages/joblib/parallel.py", line 921, in retrieve
    self._output.extend(job.get(timeout=self.timeout))
  File "/root/anaconda3/lib/python3.8/site-packages/joblib/_parallel_backends.py", line 542, in wrap_future_result
    return future.result(timeout=timeout)
  File "/root/anaconda3/lib/python3.8/concurrent/futures/_base.py", line 439, in result
    return self.__get_result()
  File "/root/anaconda3/lib/python3.8/concurrent/futures/_base.py", line 388, in __get_result
    raise self._exception
ValueError: Input contains NaN, infinity or a value too large for dtype('float64').

2021-03-31 16:46:14,832:INFO:Initializing Lasso Least Angle Regression
2021-03-31 16:46:14,832:INFO:Total runtime is 0.44275435209274294 minutes
2021-03-31 16:46:14,865:INFO:SubProcess create_model() called ==================================
2021-03-31 16:46:14,865:INFO:Initializing create_model()
2021-03-31 16:46:14,866:INFO:create_model(estimator=llar, fold=KFold(n_splits=10, random_state=2794, shuffle=False), round=4, cross_validation=True, predict=True, fit_kwargs={}, groups=None, refit=False, verbose=False, system=False, metrics=None, display=<pycaret.internal.Display.Display object at 0x7f104099f6d0>, kwargs={})
2021-03-31 16:46:14,866:INFO:Checking exceptions
2021-03-31 16:46:14,866:INFO:Importing libraries
2021-03-31 16:46:14,866:INFO:Copying training dataset
2021-03-31 16:46:14,876:INFO:Defining folds
2021-03-31 16:46:14,876:INFO:Declaring metric variables
2021-03-31 16:46:14,896:INFO:Importing untrained model
2021-03-31 16:46:14,925:INFO:Lasso Least Angle Regression Imported succesfully
2021-03-31 16:46:14,991:INFO:Starting cross validation
2021-03-31 16:46:14,995:INFO:Cross validating with KFold(n_splits=10, random_state=2794, shuffle=False), n_jobs=-1
2021-03-31 16:46:20,867:INFO:Calculating mean and std
2021-03-31 16:46:20,871:INFO:Creating metrics dataframe
2021-03-31 16:46:20,885:INFO:Uploading results into container
2021-03-31 16:46:20,885:INFO:Uploading model into container now
2021-03-31 16:46:20,885:INFO:create_model_container: 5
2021-03-31 16:46:20,885:INFO:master_model_container: 5
2021-03-31 16:46:20,886:INFO:display_container: 2
2021-03-31 16:46:20,897:INFO:LassoLars(alpha=1.0, copy_X=True, eps=2.220446049250313e-16, fit_intercept=True,
          fit_path=True, jitter=None, max_iter=500, normalize=True,
          positive=False, precompute='auto', random_state=2794, verbose=False)
2021-03-31 16:46:20,898:INFO:create_model() succesfully completed......................................
2021-03-31 16:46:21,136:INFO:SubProcess create_model() end ==================================
2021-03-31 16:46:21,136:INFO:Creating metrics dataframe
2021-03-31 16:46:21,178:INFO:Initializing Orthogonal Matching Pursuit
2021-03-31 16:46:21,179:INFO:Total runtime is 0.5485286355018616 minutes
2021-03-31 16:46:21,204:INFO:SubProcess create_model() called ==================================
2021-03-31 16:46:21,205:INFO:Initializing create_model()
2021-03-31 16:46:21,205:INFO:create_model(estimator=omp, fold=KFold(n_splits=10, random_state=2794, shuffle=False), round=4, cross_validation=True, predict=True, fit_kwargs={}, groups=None, refit=False, verbose=False, system=False, metrics=None, display=<pycaret.internal.Display.Display object at 0x7f104099f6d0>, kwargs={})
2021-03-31 16:46:21,205:INFO:Checking exceptions
2021-03-31 16:46:21,205:INFO:Importing libraries
2021-03-31 16:46:21,205:INFO:Copying training dataset
2021-03-31 16:46:21,209:INFO:Defining folds
2021-03-31 16:46:21,209:INFO:Declaring metric variables
2021-03-31 16:46:21,233:INFO:Importing untrained model
2021-03-31 16:46:21,274:INFO:Orthogonal Matching Pursuit Imported succesfully
2021-03-31 16:46:21,340:INFO:Starting cross validation
2021-03-31 16:46:21,341:INFO:Cross validating with KFold(n_splits=10, random_state=2794, shuffle=False), n_jobs=-1
2021-03-31 16:46:21,848:INFO:Calculating mean and std
2021-03-31 16:46:21,851:INFO:Creating metrics dataframe
2021-03-31 16:46:21,861:INFO:Uploading results into container
2021-03-31 16:46:21,862:INFO:Uploading model into container now
2021-03-31 16:46:21,862:INFO:create_model_container: 6
2021-03-31 16:46:21,862:INFO:master_model_container: 6
2021-03-31 16:46:21,862:INFO:display_container: 2
2021-03-31 16:46:21,862:INFO:OrthogonalMatchingPursuit(fit_intercept=True, n_nonzero_coefs=None,
                          normalize=True, precompute='auto', tol=None)
2021-03-31 16:46:21,863:INFO:create_model() succesfully completed......................................
2021-03-31 16:46:22,088:INFO:SubProcess create_model() end ==================================
2021-03-31 16:46:22,089:INFO:Creating metrics dataframe
2021-03-31 16:46:22,139:INFO:Initializing Bayesian Ridge
2021-03-31 16:46:22,140:INFO:Total runtime is 0.5645466327667237 minutes
2021-03-31 16:46:22,163:INFO:SubProcess create_model() called ==================================
2021-03-31 16:46:22,163:INFO:Initializing create_model()
2021-03-31 16:46:22,164:INFO:create_model(estimator=br, fold=KFold(n_splits=10, random_state=2794, shuffle=False), round=4, cross_validation=True, predict=True, fit_kwargs={}, groups=None, refit=False, verbose=False, system=False, metrics=None, display=<pycaret.internal.Display.Display object at 0x7f104099f6d0>, kwargs={})
2021-03-31 16:46:22,164:INFO:Checking exceptions
2021-03-31 16:46:22,164:INFO:Importing libraries
2021-03-31 16:46:22,164:INFO:Copying training dataset
2021-03-31 16:46:22,167:INFO:Defining folds
2021-03-31 16:46:22,168:INFO:Declaring metric variables
2021-03-31 16:46:22,188:INFO:Importing untrained model
2021-03-31 16:46:22,215:INFO:Bayesian Ridge Imported succesfully
2021-03-31 16:46:22,287:INFO:Starting cross validation
2021-03-31 16:46:22,289:INFO:Cross validating with KFold(n_splits=10, random_state=2794, shuffle=False), n_jobs=-1
2021-03-31 16:46:27,145:INFO:Calculating mean and std
2021-03-31 16:46:27,148:INFO:Creating metrics dataframe
2021-03-31 16:46:27,162:INFO:Uploading results into container
2021-03-31 16:46:27,163:INFO:Uploading model into container now
2021-03-31 16:46:27,163:INFO:create_model_container: 7
2021-03-31 16:46:27,163:INFO:master_model_container: 7
2021-03-31 16:46:27,163:INFO:display_container: 2
2021-03-31 16:46:27,163:INFO:BayesianRidge(alpha_1=1e-06, alpha_2=1e-06, alpha_init=None,
              compute_score=False, copy_X=True, fit_intercept=True,
              lambda_1=1e-06, lambda_2=1e-06, lambda_init=None, n_iter=300,
              normalize=False, tol=0.001, verbose=False)
2021-03-31 16:46:27,164:INFO:create_model() succesfully completed......................................
2021-03-31 16:46:27,384:INFO:SubProcess create_model() end ==================================
2021-03-31 16:46:27,385:INFO:Creating metrics dataframe
2021-03-31 16:46:27,427:INFO:Initializing Passive Aggressive Regressor
2021-03-31 16:46:27,428:INFO:Total runtime is 0.6526804566383362 minutes
2021-03-31 16:46:27,447:INFO:SubProcess create_model() called ==================================
2021-03-31 16:46:27,448:INFO:Initializing create_model()
2021-03-31 16:46:27,448:INFO:create_model(estimator=par, fold=KFold(n_splits=10, random_state=2794, shuffle=False), round=4, cross_validation=True, predict=True, fit_kwargs={}, groups=None, refit=False, verbose=False, system=False, metrics=None, display=<pycaret.internal.Display.Display object at 0x7f104099f6d0>, kwargs={})
2021-03-31 16:46:27,448:INFO:Checking exceptions
2021-03-31 16:46:27,448:INFO:Importing libraries
2021-03-31 16:46:27,448:INFO:Copying training dataset
2021-03-31 16:46:27,451:INFO:Defining folds
2021-03-31 16:46:27,451:INFO:Declaring metric variables
2021-03-31 16:46:27,471:INFO:Importing untrained model
2021-03-31 16:46:27,493:INFO:Passive Aggressive Regressor Imported succesfully
2021-03-31 16:46:27,546:INFO:Starting cross validation
2021-03-31 16:46:27,549:INFO:Cross validating with KFold(n_splits=10, random_state=2794, shuffle=False), n_jobs=-1
2021-03-31 16:46:28,060:INFO:Calculating mean and std
2021-03-31 16:46:28,063:INFO:Creating metrics dataframe
2021-03-31 16:46:28,074:INFO:Uploading results into container
2021-03-31 16:46:28,074:INFO:Uploading model into container now
2021-03-31 16:46:28,074:INFO:create_model_container: 8
2021-03-31 16:46:28,074:INFO:master_model_container: 8
2021-03-31 16:46:28,074:INFO:display_container: 2
2021-03-31 16:46:28,075:INFO:PassiveAggressiveRegressor(C=1.0, average=False, early_stopping=False,
                           epsilon=0.1, fit_intercept=True,
                           loss='epsilon_insensitive', max_iter=1000,
                           n_iter_no_change=5, random_state=2794, shuffle=True,
                           tol=0.001, validation_fraction=0.1, verbose=0,
                           warm_start=False)
2021-03-31 16:46:28,075:INFO:create_model() succesfully completed......................................
2021-03-31 16:46:28,291:INFO:SubProcess create_model() end ==================================
2021-03-31 16:46:28,291:INFO:Creating metrics dataframe
2021-03-31 16:46:28,349:INFO:Initializing Huber Regressor
2021-03-31 16:46:28,349:INFO:Total runtime is 0.6680310368537903 minutes
2021-03-31 16:46:28,372:INFO:SubProcess create_model() called ==================================
2021-03-31 16:46:28,372:INFO:Initializing create_model()
2021-03-31 16:46:28,372:INFO:create_model(estimator=huber, fold=KFold(n_splits=10, random_state=2794, shuffle=False), round=4, cross_validation=True, predict=True, fit_kwargs={}, groups=None, refit=False, verbose=False, system=False, metrics=None, display=<pycaret.internal.Display.Display object at 0x7f104099f6d0>, kwargs={})
2021-03-31 16:46:28,373:INFO:Checking exceptions
2021-03-31 16:46:28,373:INFO:Importing libraries
2021-03-31 16:46:28,373:INFO:Copying training dataset
2021-03-31 16:46:28,375:INFO:Defining folds
2021-03-31 16:46:28,375:INFO:Declaring metric variables
2021-03-31 16:46:28,400:INFO:Importing untrained model
2021-03-31 16:46:28,426:INFO:Huber Regressor Imported succesfully
2021-03-31 16:46:28,500:INFO:Starting cross validation
2021-03-31 16:46:28,501:INFO:Cross validating with KFold(n_splits=10, random_state=2794, shuffle=False), n_jobs=-1
2021-03-31 16:46:35,794:INFO:Calculating mean and std
2021-03-31 16:46:35,797:INFO:Creating metrics dataframe
2021-03-31 16:46:35,819:INFO:Uploading results into container
2021-03-31 16:46:35,819:INFO:Uploading model into container now
2021-03-31 16:46:35,819:INFO:create_model_container: 9
2021-03-31 16:46:35,819:INFO:master_model_container: 9
2021-03-31 16:46:35,819:INFO:display_container: 2
2021-03-31 16:46:35,820:INFO:HuberRegressor(alpha=0.0001, epsilon=1.35, fit_intercept=True, max_iter=100,
               tol=1e-05, warm_start=False)
2021-03-31 16:46:35,820:INFO:create_model() succesfully completed......................................
2021-03-31 16:46:36,039:INFO:SubProcess create_model() end ==================================
2021-03-31 16:46:36,039:INFO:Creating metrics dataframe
2021-03-31 16:46:36,089:INFO:Initializing K Neighbors Regressor
2021-03-31 16:46:36,090:INFO:Total runtime is 0.7970471103986104 minutes
2021-03-31 16:46:36,119:INFO:SubProcess create_model() called ==================================
2021-03-31 16:46:36,119:INFO:Initializing create_model()
2021-03-31 16:46:36,119:INFO:create_model(estimator=knn, fold=KFold(n_splits=10, random_state=2794, shuffle=False), round=4, cross_validation=True, predict=True, fit_kwargs={}, groups=None, refit=False, verbose=False, system=False, metrics=None, display=<pycaret.internal.Display.Display object at 0x7f104099f6d0>, kwargs={})
2021-03-31 16:46:36,119:INFO:Checking exceptions
2021-03-31 16:46:36,119:INFO:Importing libraries
2021-03-31 16:46:36,119:INFO:Copying training dataset
2021-03-31 16:46:36,124:INFO:Defining folds
2021-03-31 16:46:36,124:INFO:Declaring metric variables
2021-03-31 16:46:36,166:INFO:Importing untrained model
2021-03-31 16:46:36,204:INFO:K Neighbors Regressor Imported succesfully
2021-03-31 16:46:36,293:INFO:Starting cross validation
2021-03-31 16:46:36,294:INFO:Cross validating with KFold(n_splits=10, random_state=2794, shuffle=False), n_jobs=-1
2021-03-31 16:46:37,165:INFO:Calculating mean and std
2021-03-31 16:46:37,168:INFO:Creating metrics dataframe
2021-03-31 16:46:37,177:INFO:Uploading results into container
2021-03-31 16:46:37,181:INFO:Uploading model into container now
2021-03-31 16:46:37,181:INFO:create_model_container: 10
2021-03-31 16:46:37,181:INFO:master_model_container: 10
2021-03-31 16:46:37,181:INFO:display_container: 2
2021-03-31 16:46:37,182:INFO:KNeighborsRegressor(algorithm='auto', leaf_size=30, metric='minkowski',
                    metric_params=None, n_jobs=-1, n_neighbors=5, p=2,
                    weights='uniform')
2021-03-31 16:46:37,182:INFO:create_model() succesfully completed......................................
2021-03-31 16:46:37,395:INFO:SubProcess create_model() end ==================================
2021-03-31 16:46:37,395:INFO:Creating metrics dataframe
2021-03-31 16:46:37,450:INFO:Initializing Decision Tree Regressor
2021-03-31 16:46:37,450:INFO:Total runtime is 0.8197239518165589 minutes
2021-03-31 16:46:37,472:INFO:SubProcess create_model() called ==================================
2021-03-31 16:46:37,473:INFO:Initializing create_model()
2021-03-31 16:46:37,473:INFO:create_model(estimator=dt, fold=KFold(n_splits=10, random_state=2794, shuffle=False), round=4, cross_validation=True, predict=True, fit_kwargs={}, groups=None, refit=False, verbose=False, system=False, metrics=None, display=<pycaret.internal.Display.Display object at 0x7f104099f6d0>, kwargs={})
2021-03-31 16:46:37,473:INFO:Checking exceptions
2021-03-31 16:46:37,473:INFO:Importing libraries
2021-03-31 16:46:37,473:INFO:Copying training dataset
2021-03-31 16:46:37,476:INFO:Defining folds
2021-03-31 16:46:37,476:INFO:Declaring metric variables
2021-03-31 16:46:37,497:INFO:Importing untrained model
2021-03-31 16:46:37,516:INFO:Decision Tree Regressor Imported succesfully
2021-03-31 16:46:37,557:INFO:Starting cross validation
2021-03-31 16:46:37,558:INFO:Cross validating with KFold(n_splits=10, random_state=2794, shuffle=False), n_jobs=-1
2021-03-31 16:46:38,334:INFO:Calculating mean and std
2021-03-31 16:46:38,337:INFO:Creating metrics dataframe
2021-03-31 16:46:38,349:INFO:Uploading results into container
2021-03-31 16:46:38,349:INFO:Uploading model into container now
2021-03-31 16:46:38,350:INFO:create_model_container: 11
2021-03-31 16:46:38,350:INFO:master_model_container: 11
2021-03-31 16:46:38,350:INFO:display_container: 2
2021-03-31 16:46:38,351:INFO:DecisionTreeRegressor(ccp_alpha=0.0, criterion='mse', max_depth=None,
                      max_features=None, max_leaf_nodes=None,
                      min_impurity_decrease=0.0, min_impurity_split=None,
                      min_samples_leaf=1, min_samples_split=2,
                      min_weight_fraction_leaf=0.0, presort='deprecated',
                      random_state=2794, splitter='best')
2021-03-31 16:46:38,351:INFO:create_model() succesfully completed......................................
2021-03-31 16:46:38,577:INFO:SubProcess create_model() end ==================================
2021-03-31 16:46:38,577:INFO:Creating metrics dataframe
2021-03-31 16:46:38,635:INFO:Initializing Random Forest Regressor
2021-03-31 16:46:38,636:INFO:Total runtime is 0.8394797722498576 minutes
2021-03-31 16:46:38,656:INFO:SubProcess create_model() called ==================================
2021-03-31 16:46:38,657:INFO:Initializing create_model()
2021-03-31 16:46:38,657:INFO:create_model(estimator=rf, fold=KFold(n_splits=10, random_state=2794, shuffle=False), round=4, cross_validation=True, predict=True, fit_kwargs={}, groups=None, refit=False, verbose=False, system=False, metrics=None, display=<pycaret.internal.Display.Display object at 0x7f104099f6d0>, kwargs={})
2021-03-31 16:46:38,657:INFO:Checking exceptions
2021-03-31 16:46:38,657:INFO:Importing libraries
2021-03-31 16:46:38,657:INFO:Copying training dataset
2021-03-31 16:46:38,660:INFO:Defining folds
2021-03-31 16:46:38,660:INFO:Declaring metric variables
2021-03-31 16:46:38,684:INFO:Importing untrained model
2021-03-31 16:46:38,722:INFO:Random Forest Regressor Imported succesfully
2021-03-31 16:46:38,793:INFO:Starting cross validation
2021-03-31 16:46:38,795:INFO:Cross validating with KFold(n_splits=10, random_state=2794, shuffle=False), n_jobs=-1
2021-03-31 16:46:59,845:INFO:Calculating mean and std
2021-03-31 16:46:59,848:INFO:Creating metrics dataframe
2021-03-31 16:46:59,869:INFO:Uploading results into container
2021-03-31 16:46:59,871:INFO:Uploading model into container now
2021-03-31 16:46:59,874:INFO:create_model_container: 12
2021-03-31 16:46:59,874:INFO:master_model_container: 12
2021-03-31 16:46:59,874:INFO:display_container: 2
2021-03-31 16:46:59,875:INFO:RandomForestRegressor(bootstrap=True, ccp_alpha=0.0, criterion='mse',
                      max_depth=None, max_features='auto', max_leaf_nodes=None,
                      max_samples=None, min_impurity_decrease=0.0,
                      min_impurity_split=None, min_samples_leaf=1,
                      min_samples_split=2, min_weight_fraction_leaf=0.0,
                      n_estimators=100, n_jobs=-1, oob_score=False,
                      random_state=2794, verbose=0, warm_start=False)
2021-03-31 16:46:59,876:INFO:create_model() succesfully completed......................................
2021-03-31 16:47:00,104:INFO:SubProcess create_model() end ==================================
2021-03-31 16:47:00,104:INFO:Creating metrics dataframe
2021-03-31 16:47:00,175:INFO:Initializing Extra Trees Regressor
2021-03-31 16:47:00,176:INFO:Total runtime is 1.1984771927197775 minutes
2021-03-31 16:47:00,203:INFO:SubProcess create_model() called ==================================
2021-03-31 16:47:00,204:INFO:Initializing create_model()
2021-03-31 16:47:00,204:INFO:create_model(estimator=et, fold=KFold(n_splits=10, random_state=2794, shuffle=False), round=4, cross_validation=True, predict=True, fit_kwargs={}, groups=None, refit=False, verbose=False, system=False, metrics=None, display=<pycaret.internal.Display.Display object at 0x7f104099f6d0>, kwargs={})
2021-03-31 16:47:00,204:INFO:Checking exceptions
2021-03-31 16:47:00,204:INFO:Importing libraries
2021-03-31 16:47:00,204:INFO:Copying training dataset
2021-03-31 16:47:00,207:INFO:Defining folds
2021-03-31 16:47:00,207:INFO:Declaring metric variables
2021-03-31 16:47:00,229:INFO:Importing untrained model
2021-03-31 16:47:00,250:INFO:Extra Trees Regressor Imported succesfully
2021-03-31 16:47:00,346:INFO:Starting cross validation
2021-03-31 16:47:00,347:INFO:Cross validating with KFold(n_splits=10, random_state=2794, shuffle=False), n_jobs=-1
2021-03-31 16:47:26,501:INFO:Calculating mean and std
2021-03-31 16:47:26,504:INFO:Creating metrics dataframe
2021-03-31 16:47:26,517:INFO:Uploading results into container
2021-03-31 16:47:26,518:INFO:Uploading model into container now
2021-03-31 16:47:26,518:INFO:create_model_container: 13
2021-03-31 16:47:26,518:INFO:master_model_container: 13
2021-03-31 16:47:26,518:INFO:display_container: 2
2021-03-31 16:47:26,519:INFO:ExtraTreesRegressor(bootstrap=False, ccp_alpha=0.0, criterion='mse',
                    max_depth=None, max_features='auto', max_leaf_nodes=None,
                    max_samples=None, min_impurity_decrease=0.0,
                    min_impurity_split=None, min_samples_leaf=1,
                    min_samples_split=2, min_weight_fraction_leaf=0.0,
                    n_estimators=100, n_jobs=-1, oob_score=False,
                    random_state=2794, verbose=0, warm_start=False)
2021-03-31 16:47:26,519:INFO:create_model() succesfully completed......................................
2021-03-31 16:47:26,751:INFO:SubProcess create_model() end ==================================
2021-03-31 16:47:26,751:INFO:Creating metrics dataframe
2021-03-31 16:47:26,828:INFO:Initializing AdaBoost Regressor
2021-03-31 16:47:26,828:INFO:Total runtime is 1.6426865140597027 minutes
2021-03-31 16:47:26,855:INFO:SubProcess create_model() called ==================================
2021-03-31 16:47:26,856:INFO:Initializing create_model()
2021-03-31 16:47:26,856:INFO:create_model(estimator=ada, fold=KFold(n_splits=10, random_state=2794, shuffle=False), round=4, cross_validation=True, predict=True, fit_kwargs={}, groups=None, refit=False, verbose=False, system=False, metrics=None, display=<pycaret.internal.Display.Display object at 0x7f104099f6d0>, kwargs={})
2021-03-31 16:47:26,856:INFO:Checking exceptions
2021-03-31 16:47:26,856:INFO:Importing libraries
2021-03-31 16:47:26,856:INFO:Copying training dataset
2021-03-31 16:47:26,859:INFO:Defining folds
2021-03-31 16:47:26,859:INFO:Declaring metric variables
2021-03-31 16:47:26,884:INFO:Importing untrained model
2021-03-31 16:47:26,906:INFO:AdaBoost Regressor Imported succesfully
2021-03-31 16:47:26,966:INFO:Starting cross validation
2021-03-31 16:47:26,967:INFO:Cross validating with KFold(n_splits=10, random_state=2794, shuffle=False), n_jobs=-1
2021-03-31 16:47:33,788:INFO:Calculating mean and std
2021-03-31 16:47:33,791:INFO:Creating metrics dataframe
2021-03-31 16:47:33,804:INFO:Uploading results into container
2021-03-31 16:47:33,805:INFO:Uploading model into container now
2021-03-31 16:47:33,805:INFO:create_model_container: 14
2021-03-31 16:47:33,805:INFO:master_model_container: 14
2021-03-31 16:47:33,805:INFO:display_container: 2
2021-03-31 16:47:33,805:INFO:AdaBoostRegressor(base_estimator=None, learning_rate=1.0, loss='linear',
                  n_estimators=50, random_state=2794)
2021-03-31 16:47:33,806:INFO:create_model() succesfully completed......................................
2021-03-31 16:47:34,036:INFO:SubProcess create_model() end ==================================
2021-03-31 16:47:34,037:INFO:Creating metrics dataframe
2021-03-31 16:47:34,116:INFO:Initializing Gradient Boosting Regressor
2021-03-31 16:47:34,117:INFO:Total runtime is 1.7641645948092144 minutes
2021-03-31 16:47:34,138:INFO:SubProcess create_model() called ==================================
2021-03-31 16:47:34,139:INFO:Initializing create_model()
2021-03-31 16:47:34,139:INFO:create_model(estimator=gbr, fold=KFold(n_splits=10, random_state=2794, shuffle=False), round=4, cross_validation=True, predict=True, fit_kwargs={}, groups=None, refit=False, verbose=False, system=False, metrics=None, display=<pycaret.internal.Display.Display object at 0x7f104099f6d0>, kwargs={})
2021-03-31 16:47:34,139:INFO:Checking exceptions
2021-03-31 16:47:34,139:INFO:Importing libraries
2021-03-31 16:47:34,139:INFO:Copying training dataset
2021-03-31 16:47:34,142:INFO:Defining folds
2021-03-31 16:47:34,143:INFO:Declaring metric variables
2021-03-31 16:47:34,166:INFO:Importing untrained model
2021-03-31 16:47:34,192:INFO:Gradient Boosting Regressor Imported succesfully
2021-03-31 16:47:34,253:INFO:Starting cross validation
2021-03-31 16:47:34,256:INFO:Cross validating with KFold(n_splits=10, random_state=2794, shuffle=False), n_jobs=-1
2021-03-31 16:47:44,858:INFO:Calculating mean and std
2021-03-31 16:47:44,862:INFO:Creating metrics dataframe
2021-03-31 16:47:44,878:INFO:Uploading results into container
2021-03-31 16:47:44,878:INFO:Uploading model into container now
2021-03-31 16:47:44,879:INFO:create_model_container: 15
2021-03-31 16:47:44,879:INFO:master_model_container: 15
2021-03-31 16:47:44,879:INFO:display_container: 2
2021-03-31 16:47:44,880:INFO:GradientBoostingRegressor(alpha=0.9, ccp_alpha=0.0, criterion='friedman_mse',
                          init=None, learning_rate=0.1, loss='ls', max_depth=3,
                          max_features=None, max_leaf_nodes=None,
                          min_impurity_decrease=0.0, min_impurity_split=None,
                          min_samples_leaf=1, min_samples_split=2,
                          min_weight_fraction_leaf=0.0, n_estimators=100,
                          n_iter_no_change=None, presort='deprecated',
                          random_state=2794, subsample=1.0, tol=0.0001,
                          validation_fraction=0.1, verbose=0, warm_start=False)
2021-03-31 16:47:44,880:INFO:create_model() succesfully completed......................................
2021-03-31 16:47:45,105:INFO:SubProcess create_model() end ==================================
2021-03-31 16:47:45,106:INFO:Creating metrics dataframe
2021-03-31 16:47:45,177:INFO:Initializing Extreme Gradient Boosting
2021-03-31 16:47:45,177:INFO:Total runtime is 1.9485064903895062 minutes
2021-03-31 16:47:45,207:INFO:SubProcess create_model() called ==================================
2021-03-31 16:47:45,208:INFO:Initializing create_model()
2021-03-31 16:47:45,208:INFO:create_model(estimator=xgboost, fold=KFold(n_splits=10, random_state=2794, shuffle=False), round=4, cross_validation=True, predict=True, fit_kwargs={}, groups=None, refit=False, verbose=False, system=False, metrics=None, display=<pycaret.internal.Display.Display object at 0x7f104099f6d0>, kwargs={})
2021-03-31 16:47:45,208:INFO:Checking exceptions
2021-03-31 16:47:45,208:INFO:Importing libraries
2021-03-31 16:47:45,208:INFO:Copying training dataset
2021-03-31 16:47:45,211:INFO:Defining folds
2021-03-31 16:47:45,211:INFO:Declaring metric variables
2021-03-31 16:47:45,232:INFO:Importing untrained model
2021-03-31 16:47:45,272:INFO:Extreme Gradient Boosting Imported succesfully
2021-03-31 16:47:45,312:INFO:Starting cross validation
2021-03-31 16:47:45,315:INFO:Cross validating with KFold(n_splits=10, random_state=2794, shuffle=False), n_jobs=-1
2021-03-31 16:48:30,638:INFO:Calculating mean and std
2021-03-31 16:48:30,641:INFO:Creating metrics dataframe
2021-03-31 16:48:30,652:INFO:Uploading results into container
2021-03-31 16:48:30,659:INFO:Uploading model into container now
2021-03-31 16:48:30,659:INFO:create_model_container: 16
2021-03-31 16:48:30,659:INFO:master_model_container: 16
2021-03-31 16:48:30,659:INFO:display_container: 2
2021-03-31 16:48:30,661:INFO:XGBRegressor(base_score=None, booster='gbtree', colsample_bylevel=None,
             colsample_bynode=None, colsample_bytree=None, gamma=None,
             gpu_id=None, importance_type='gain', interaction_constraints=None,
             learning_rate=None, max_delta_step=None, max_depth=None,
             min_child_weight=None, missing=nan, monotone_constraints=None,
             n_estimators=100, n_jobs=-1, num_parallel_tree=None,
             objective='reg:squarederror', random_state=2794, reg_alpha=None,
             reg_lambda=None, scale_pos_weight=None, subsample=None,
             tree_method='auto', validate_parameters=None, verbosity=0)
2021-03-31 16:48:30,662:INFO:create_model() succesfully completed......................................
2021-03-31 16:48:30,877:INFO:SubProcess create_model() end ==================================
2021-03-31 16:48:30,878:INFO:Creating metrics dataframe
2021-03-31 16:48:30,966:INFO:Initializing Light Gradient Boosting Machine
2021-03-31 16:48:30,966:INFO:Total runtime is 2.711654643217723 minutes
2021-03-31 16:48:30,990:INFO:SubProcess create_model() called ==================================
2021-03-31 16:48:30,991:INFO:Initializing create_model()
2021-03-31 16:48:30,991:INFO:create_model(estimator=lightgbm, fold=KFold(n_splits=10, random_state=2794, shuffle=False), round=4, cross_validation=True, predict=True, fit_kwargs={}, groups=None, refit=False, verbose=False, system=False, metrics=None, display=<pycaret.internal.Display.Display object at 0x7f104099f6d0>, kwargs={})
2021-03-31 16:48:30,991:INFO:Checking exceptions
2021-03-31 16:48:30,992:INFO:Importing libraries
2021-03-31 16:48:30,992:INFO:Copying training dataset
2021-03-31 16:48:30,994:INFO:Defining folds
2021-03-31 16:48:30,994:INFO:Declaring metric variables
2021-03-31 16:48:31,020:INFO:Importing untrained model
2021-03-31 16:48:31,045:INFO:Light Gradient Boosting Machine Imported succesfully
2021-03-31 16:48:31,102:INFO:Starting cross validation
2021-03-31 16:48:31,104:INFO:Cross validating with KFold(n_splits=10, random_state=2794, shuffle=False), n_jobs=-1
2021-03-31 16:48:33,485:INFO:Calculating mean and std
2021-03-31 16:48:33,489:INFO:Creating metrics dataframe
2021-03-31 16:48:33,498:INFO:Uploading results into container
2021-03-31 16:48:33,499:INFO:Uploading model into container now
2021-03-31 16:48:33,499:INFO:create_model_container: 17
2021-03-31 16:48:33,499:INFO:master_model_container: 17
2021-03-31 16:48:33,499:INFO:display_container: 2
2021-03-31 16:48:33,500:INFO:LGBMRegressor(boosting_type='gbdt', class_weight=None, colsample_bytree=1.0,
              importance_type='split', learning_rate=0.1, max_depth=-1,
              min_child_samples=20, min_child_weight=0.001, min_split_gain=0.0,
              n_estimators=100, n_jobs=-1, num_leaves=31, objective=None,
              random_state=2794, reg_alpha=0.0, reg_lambda=0.0, silent=True,
              subsample=1.0, subsample_for_bin=200000, subsample_freq=0)
2021-03-31 16:48:33,500:INFO:create_model() succesfully completed......................................
2021-03-31 16:48:33,982:INFO:SubProcess create_model() end ==================================
2021-03-31 16:48:33,983:INFO:Creating metrics dataframe
2021-03-31 16:48:34,232:INFO:Initializing CatBoost Regressor
2021-03-31 16:48:34,232:INFO:Total runtime is 2.7660853703816737 minutes
2021-03-31 16:48:34,290:INFO:SubProcess create_model() called ==================================
2021-03-31 16:48:34,291:INFO:Initializing create_model()
2021-03-31 16:48:34,291:INFO:create_model(estimator=catboost, fold=KFold(n_splits=10, random_state=2794, shuffle=False), round=4, cross_validation=True, predict=True, fit_kwargs={}, groups=None, refit=False, verbose=False, system=False, metrics=None, display=<pycaret.internal.Display.Display object at 0x7f104099f6d0>, kwargs={})
2021-03-31 16:48:34,291:INFO:Checking exceptions
2021-03-31 16:48:34,291:INFO:Importing libraries
2021-03-31 16:48:34,292:INFO:Copying training dataset
2021-03-31 16:48:34,298:INFO:Defining folds
2021-03-31 16:48:34,298:INFO:Declaring metric variables
2021-03-31 16:48:34,340:INFO:Importing untrained model
2021-03-31 16:48:34,475:INFO:CatBoost Regressor Imported succesfully
2021-03-31 16:48:34,559:INFO:Starting cross validation
2021-03-31 16:48:34,580:INFO:Cross validating with KFold(n_splits=10, random_state=2794, shuffle=False), n_jobs=-1
2021-03-31 16:50:04,814:INFO:Calculating mean and std
2021-03-31 16:50:04,820:INFO:Creating metrics dataframe
2021-03-31 16:50:04,828:INFO:Uploading results into container
2021-03-31 16:50:04,829:INFO:Uploading model into container now
2021-03-31 16:50:04,829:INFO:create_model_container: 18
2021-03-31 16:50:04,829:INFO:master_model_container: 18
2021-03-31 16:50:04,829:INFO:display_container: 2
2021-03-31 16:50:04,829:INFO:<catboost.core.CatBoostRegressor object at 0x7f107492cd30>
2021-03-31 16:50:04,829:INFO:create_model() succesfully completed......................................
2021-03-31 16:50:05,054:INFO:SubProcess create_model() end ==================================
2021-03-31 16:50:05,054:INFO:Creating metrics dataframe
2021-03-31 16:50:05,231:INFO:Initializing create_model()
2021-03-31 16:50:05,231:INFO:create_model(estimator=<catboost.core.CatBoostRegressor object at 0x7f107492cd30>, fold=KFold(n_splits=10, random_state=2794, shuffle=False), round=4, cross_validation=False, predict=False, fit_kwargs={}, groups=None, refit=True, verbose=False, system=False, metrics=None, display=None, kwargs={})
2021-03-31 16:50:05,231:INFO:Checking exceptions
2021-03-31 16:50:05,232:INFO:Importing libraries
2021-03-31 16:50:05,232:INFO:Copying training dataset
2021-03-31 16:50:05,234:INFO:Defining folds
2021-03-31 16:50:05,235:INFO:Declaring metric variables
2021-03-31 16:50:05,235:INFO:Importing untrained model
2021-03-31 16:50:05,235:INFO:Declaring custom model
2021-03-31 16:50:05,235:INFO:CatBoost Regressor Imported succesfully
2021-03-31 16:50:05,236:INFO:Cross validation set to False
2021-03-31 16:50:05,237:INFO:Fitting Model
2021-03-31 16:50:14,821:INFO:<catboost.core.CatBoostRegressor object at 0x7f100c6a5af0>
2021-03-31 16:50:14,822:INFO:create_models() succesfully completed......................................
2021-03-31 16:50:15,312:INFO:create_model_container: 18
2021-03-31 16:50:15,313:INFO:master_model_container: 18
2021-03-31 16:50:15,313:INFO:display_container: 2
2021-03-31 16:50:15,313:INFO:<catboost.core.CatBoostRegressor object at 0x7f100c6a5af0>
2021-03-31 16:50:15,313:INFO:compare_models() succesfully completed......................................
2021-03-31 17:00:31,857:INFO:Initializing compare_models()
2021-03-31 17:00:31,883:INFO:compare_models(include=None, fold=None, round=4, cross_validation=True, sort=R2, n_select=1, budget_time=None, turbo=True, errors=ignore, fit_kwargs=None, groups=None, verbose=True, display=None, exclude=None)
2021-03-31 17:00:31,884:INFO:Checking exceptions
2021-03-31 17:00:31,885:INFO:Preparing display monitor
2021-03-31 17:00:31,885:INFO:Preparing display monitor
2021-03-31 17:00:32,524:INFO:Initializing Linear Regression
2021-03-31 17:00:32,525:INFO:Total runtime is 4.879633585611979e-06 minutes
2021-03-31 17:00:32,545:INFO:SubProcess create_model() called ==================================
2021-03-31 17:00:32,545:INFO:Initializing create_model()
2021-03-31 17:00:32,546:INFO:create_model(estimator=lr, fold=KFold(n_splits=10, random_state=2794, shuffle=False), round=4, cross_validation=True, predict=True, fit_kwargs={}, groups=None, refit=False, verbose=False, system=False, metrics=None, display=<pycaret.internal.Display.Display object at 0x7f1017a313a0>, kwargs={})
2021-03-31 17:00:32,546:INFO:Checking exceptions
2021-03-31 17:00:32,546:INFO:Importing libraries
2021-03-31 17:00:32,548:INFO:Copying training dataset
2021-03-31 17:00:32,550:INFO:Defining folds
2021-03-31 17:00:32,551:INFO:Declaring metric variables
2021-03-31 17:00:32,575:INFO:Importing untrained model
2021-03-31 17:00:32,614:INFO:Linear Regression Imported succesfully
2021-03-31 17:00:32,695:INFO:Starting cross validation
2021-03-31 17:00:32,696:INFO:Cross validating with KFold(n_splits=10, random_state=2794, shuffle=False), n_jobs=-1
2021-03-31 17:00:46,850:INFO:Calculating mean and std
2021-03-31 17:00:46,852:INFO:Creating metrics dataframe
2021-03-31 17:00:46,874:INFO:Uploading results into container
2021-03-31 17:00:46,875:INFO:Uploading model into container now
2021-03-31 17:00:46,875:INFO:create_model_container: 19
2021-03-31 17:00:46,875:INFO:master_model_container: 19
2021-03-31 17:00:46,875:INFO:display_container: 3
2021-03-31 17:00:46,875:INFO:LinearRegression(copy_X=True, fit_intercept=True, n_jobs=-1, normalize=False)
2021-03-31 17:00:46,876:INFO:create_model() succesfully completed......................................
2021-03-31 17:00:47,116:INFO:SubProcess create_model() end ==================================
2021-03-31 17:00:47,116:INFO:Creating metrics dataframe
2021-03-31 17:00:47,138:INFO:Initializing Lasso Regression
2021-03-31 17:00:47,138:INFO:Total runtime is 0.24355984528859456 minutes
2021-03-31 17:00:47,162:INFO:SubProcess create_model() called ==================================
2021-03-31 17:00:47,163:INFO:Initializing create_model()
2021-03-31 17:00:47,163:INFO:create_model(estimator=lasso, fold=KFold(n_splits=10, random_state=2794, shuffle=False), round=4, cross_validation=True, predict=True, fit_kwargs={}, groups=None, refit=False, verbose=False, system=False, metrics=None, display=<pycaret.internal.Display.Display object at 0x7f1017a313a0>, kwargs={})
2021-03-31 17:00:47,163:INFO:Checking exceptions
2021-03-31 17:00:47,163:INFO:Importing libraries
2021-03-31 17:00:47,164:INFO:Copying training dataset
2021-03-31 17:00:47,166:INFO:Defining folds
2021-03-31 17:00:47,166:INFO:Declaring metric variables
2021-03-31 17:00:47,187:INFO:Importing untrained model
2021-03-31 17:00:47,226:INFO:Lasso Regression Imported succesfully
2021-03-31 17:00:47,273:INFO:Starting cross validation
2021-03-31 17:00:47,274:INFO:Cross validating with KFold(n_splits=10, random_state=2794, shuffle=False), n_jobs=-1
2021-03-31 17:00:52,730:INFO:Calculating mean and std
2021-03-31 17:00:52,733:INFO:Creating metrics dataframe
2021-03-31 17:00:52,746:INFO:Uploading results into container
2021-03-31 17:00:52,747:INFO:Uploading model into container now
2021-03-31 17:00:52,747:INFO:create_model_container: 20
2021-03-31 17:00:52,747:INFO:master_model_container: 20
2021-03-31 17:00:52,747:INFO:display_container: 3
2021-03-31 17:00:52,748:INFO:Lasso(alpha=1.0, copy_X=True, fit_intercept=True, max_iter=1000,
      normalize=False, positive=False, precompute=False, random_state=2794,
      selection='cyclic', tol=0.0001, warm_start=False)
2021-03-31 17:00:52,748:INFO:create_model() succesfully completed......................................
2021-03-31 17:00:52,990:INFO:SubProcess create_model() end ==================================
2021-03-31 17:00:52,990:INFO:Creating metrics dataframe
2021-03-31 17:00:53,020:INFO:Initializing Ridge Regression
2021-03-31 17:00:53,020:INFO:Total runtime is 0.3415944854418437 minutes
2021-03-31 17:00:53,041:INFO:SubProcess create_model() called ==================================
2021-03-31 17:00:53,042:INFO:Initializing create_model()
2021-03-31 17:00:53,042:INFO:create_model(estimator=ridge, fold=KFold(n_splits=10, random_state=2794, shuffle=False), round=4, cross_validation=True, predict=True, fit_kwargs={}, groups=None, refit=False, verbose=False, system=False, metrics=None, display=<pycaret.internal.Display.Display object at 0x7f1017a313a0>, kwargs={})
2021-03-31 17:00:53,042:INFO:Checking exceptions
2021-03-31 17:00:53,042:INFO:Importing libraries
2021-03-31 17:00:53,042:INFO:Copying training dataset
2021-03-31 17:00:53,045:INFO:Defining folds
2021-03-31 17:00:53,045:INFO:Declaring metric variables
2021-03-31 17:00:53,064:INFO:Importing untrained model
2021-03-31 17:00:53,084:INFO:Ridge Regression Imported succesfully
2021-03-31 17:00:53,162:INFO:Starting cross validation
2021-03-31 17:00:53,163:INFO:Cross validating with KFold(n_splits=10, random_state=2794, shuffle=False), n_jobs=-1
2021-03-31 17:00:54,125:INFO:Calculating mean and std
2021-03-31 17:00:54,128:INFO:Creating metrics dataframe
2021-03-31 17:00:54,145:INFO:Uploading results into container
2021-03-31 17:00:54,145:INFO:Uploading model into container now
2021-03-31 17:00:54,145:INFO:create_model_container: 21
2021-03-31 17:00:54,145:INFO:master_model_container: 21
2021-03-31 17:00:54,146:INFO:display_container: 3
2021-03-31 17:00:54,147:INFO:Ridge(alpha=1.0, copy_X=True, fit_intercept=True, max_iter=None,
      normalize=False, random_state=2794, solver='auto', tol=0.001)
2021-03-31 17:00:54,150:INFO:create_model() succesfully completed......................................
2021-03-31 17:00:54,382:INFO:SubProcess create_model() end ==================================
2021-03-31 17:00:54,382:INFO:Creating metrics dataframe
2021-03-31 17:00:54,412:INFO:Initializing Elastic Net
2021-03-31 17:00:54,412:INFO:Total runtime is 0.3647955616315206 minutes
2021-03-31 17:00:54,436:INFO:SubProcess create_model() called ==================================
2021-03-31 17:00:54,437:INFO:Initializing create_model()
2021-03-31 17:00:54,437:INFO:create_model(estimator=en, fold=KFold(n_splits=10, random_state=2794, shuffle=False), round=4, cross_validation=True, predict=True, fit_kwargs={}, groups=None, refit=False, verbose=False, system=False, metrics=None, display=<pycaret.internal.Display.Display object at 0x7f1017a313a0>, kwargs={})
2021-03-31 17:00:54,437:INFO:Checking exceptions
2021-03-31 17:00:54,437:INFO:Importing libraries
2021-03-31 17:00:54,437:INFO:Copying training dataset
2021-03-31 17:00:54,440:INFO:Defining folds
2021-03-31 17:00:54,440:INFO:Declaring metric variables
2021-03-31 17:00:54,460:INFO:Importing untrained model
2021-03-31 17:00:54,497:INFO:Elastic Net Imported succesfully
2021-03-31 17:00:54,573:INFO:Starting cross validation
2021-03-31 17:00:54,574:INFO:Cross validating with KFold(n_splits=10, random_state=2794, shuffle=False), n_jobs=-1
2021-03-31 17:01:00,704:INFO:Calculating mean and std
2021-03-31 17:01:00,707:INFO:Creating metrics dataframe
2021-03-31 17:01:00,718:INFO:Uploading results into container
2021-03-31 17:01:00,722:INFO:Uploading model into container now
2021-03-31 17:01:00,722:INFO:create_model_container: 22
2021-03-31 17:01:00,722:INFO:master_model_container: 22
2021-03-31 17:01:00,722:INFO:display_container: 3
2021-03-31 17:01:00,723:INFO:ElasticNet(alpha=1.0, copy_X=True, fit_intercept=True, l1_ratio=0.5,
           max_iter=1000, normalize=False, positive=False, precompute=False,
           random_state=2794, selection='cyclic', tol=0.0001, warm_start=False)
2021-03-31 17:01:00,723:INFO:create_model() succesfully completed......................................
2021-03-31 17:01:00,999:INFO:SubProcess create_model() end ==================================
2021-03-31 17:01:01,000:INFO:Creating metrics dataframe
2021-03-31 17:01:01,038:INFO:Initializing Least Angle Regression
2021-03-31 17:01:01,038:INFO:Total runtime is 0.47522242466608683 minutes
2021-03-31 17:01:01,058:INFO:SubProcess create_model() called ==================================
2021-03-31 17:01:01,059:INFO:Initializing create_model()
2021-03-31 17:01:01,059:INFO:create_model(estimator=lar, fold=KFold(n_splits=10, random_state=2794, shuffle=False), round=4, cross_validation=True, predict=True, fit_kwargs={}, groups=None, refit=False, verbose=False, system=False, metrics=None, display=<pycaret.internal.Display.Display object at 0x7f1017a313a0>, kwargs={})
2021-03-31 17:01:01,059:INFO:Checking exceptions
2021-03-31 17:01:01,060:INFO:Importing libraries
2021-03-31 17:01:01,060:INFO:Copying training dataset
2021-03-31 17:01:01,062:INFO:Defining folds
2021-03-31 17:01:01,062:INFO:Declaring metric variables
2021-03-31 17:01:01,082:INFO:Importing untrained model
2021-03-31 17:01:01,115:INFO:Least Angle Regression Imported succesfully
2021-03-31 17:01:01,169:INFO:Starting cross validation
2021-03-31 17:01:01,170:INFO:Cross validating with KFold(n_splits=10, random_state=2794, shuffle=False), n_jobs=-1
2021-03-31 17:01:02,368:WARNING:create_model() for lar raised an exception or returned all 0.0, trying without fit_kwargs:
2021-03-31 17:01:02,369:WARNING:joblib.externals.loky.process_executor._RemoteTraceback: 
"""
Traceback (most recent call last):
  File "/root/anaconda3/lib/python3.8/site-packages/joblib/externals/loky/process_executor.py", line 431, in _process_worker
    r = call_item()
  File "/root/anaconda3/lib/python3.8/site-packages/joblib/externals/loky/process_executor.py", line 285, in __call__
    return self.fn(*self.args, **self.kwargs)
  File "/root/anaconda3/lib/python3.8/site-packages/joblib/_parallel_backends.py", line 595, in __call__
    return self.func(*args, **kwargs)
  File "/root/anaconda3/lib/python3.8/site-packages/joblib/parallel.py", line 252, in __call__
    return [func(*args, **kwargs)
  File "/root/anaconda3/lib/python3.8/site-packages/joblib/parallel.py", line 252, in <listcomp>
    return [func(*args, **kwargs)
  File "/root/anaconda3/lib/python3.8/site-packages/sklearn/model_selection/_validation.py", line 560, in _fit_and_score
    test_scores = _score(estimator, X_test, y_test, scorer)
  File "/root/anaconda3/lib/python3.8/site-packages/sklearn/model_selection/_validation.py", line 607, in _score
    scores = scorer(estimator, X_test, y_test)
  File "/root/anaconda3/lib/python3.8/site-packages/sklearn/metrics/_scorer.py", line 87, in __call__
    score = scorer._score(cached_call, estimator,
  File "/root/anaconda3/lib/python3.8/site-packages/sklearn/metrics/_scorer.py", line 212, in _score
    return self._sign * self._score_func(y_true, y_pred,
  File "/root/anaconda3/lib/python3.8/site-packages/sklearn/utils/validation.py", line 72, in inner_f
    return f(**kwargs)
  File "/root/anaconda3/lib/python3.8/site-packages/sklearn/metrics/_regression.py", line 178, in mean_absolute_error
    y_type, y_true, y_pred, multioutput = _check_reg_targets(
  File "/root/anaconda3/lib/python3.8/site-packages/sklearn/metrics/_regression.py", line 86, in _check_reg_targets
    y_pred = check_array(y_pred, ensure_2d=False, dtype=dtype)
  File "/root/anaconda3/lib/python3.8/site-packages/sklearn/utils/validation.py", line 72, in inner_f
    return f(**kwargs)
  File "/root/anaconda3/lib/python3.8/site-packages/sklearn/utils/validation.py", line 644, in check_array
    _assert_all_finite(array,
  File "/root/anaconda3/lib/python3.8/site-packages/sklearn/utils/validation.py", line 96, in _assert_all_finite
    raise ValueError(
ValueError: Input contains NaN, infinity or a value too large for dtype('float64').
"""

The above exception was the direct cause of the following exception:

Traceback (most recent call last):
  File "/root/anaconda3/lib/python3.8/site-packages/pycaret/internal/tabular.py", line 2141, in compare_models
    model, model_fit_time = create_model_supervised(
  File "/root/anaconda3/lib/python3.8/site-packages/pycaret/internal/tabular.py", line 3090, in create_model_supervised
    scores = cross_validate(
  File "/root/anaconda3/lib/python3.8/site-packages/sklearn/utils/validation.py", line 72, in inner_f
    return f(**kwargs)
  File "/root/anaconda3/lib/python3.8/site-packages/sklearn/model_selection/_validation.py", line 242, in cross_validate
    scores = parallel(
  File "/root/anaconda3/lib/python3.8/site-packages/joblib/parallel.py", line 1042, in __call__
    self.retrieve()
  File "/root/anaconda3/lib/python3.8/site-packages/joblib/parallel.py", line 921, in retrieve
    self._output.extend(job.get(timeout=self.timeout))
  File "/root/anaconda3/lib/python3.8/site-packages/joblib/_parallel_backends.py", line 542, in wrap_future_result
    return future.result(timeout=timeout)
  File "/root/anaconda3/lib/python3.8/concurrent/futures/_base.py", line 439, in result
    return self.__get_result()
  File "/root/anaconda3/lib/python3.8/concurrent/futures/_base.py", line 388, in __get_result
    raise self._exception
ValueError: Input contains NaN, infinity or a value too large for dtype('float64').

2021-03-31 17:01:02,370:INFO:Initializing create_model()
2021-03-31 17:01:02,371:INFO:create_model(estimator=lar, fold=KFold(n_splits=10, random_state=2794, shuffle=False), round=4, cross_validation=True, predict=True, fit_kwargs=None, groups=None, refit=False, verbose=False, system=False, metrics=None, display=<pycaret.internal.Display.Display object at 0x7f1017a313a0>, kwargs={})
2021-03-31 17:01:02,371:INFO:Checking exceptions
2021-03-31 17:01:02,372:INFO:Importing libraries
2021-03-31 17:01:02,372:INFO:Copying training dataset
2021-03-31 17:01:02,379:INFO:Defining folds
2021-03-31 17:01:02,379:INFO:Declaring metric variables
2021-03-31 17:01:02,394:INFO:Importing untrained model
2021-03-31 17:01:02,424:INFO:Least Angle Regression Imported succesfully
2021-03-31 17:01:02,473:INFO:Starting cross validation
2021-03-31 17:01:02,474:INFO:Cross validating with KFold(n_splits=10, random_state=2794, shuffle=False), n_jobs=-1
2021-03-31 17:01:08,270:ERROR:create_model() for lar raised an exception:
2021-03-31 17:01:08,271:ERROR:joblib.externals.loky.process_executor._RemoteTraceback: 
"""
Traceback (most recent call last):
  File "/root/anaconda3/lib/python3.8/site-packages/joblib/externals/loky/process_executor.py", line 431, in _process_worker
    r = call_item()
  File "/root/anaconda3/lib/python3.8/site-packages/joblib/externals/loky/process_executor.py", line 285, in __call__
    return self.fn(*self.args, **self.kwargs)
  File "/root/anaconda3/lib/python3.8/site-packages/joblib/_parallel_backends.py", line 595, in __call__
    return self.func(*args, **kwargs)
  File "/root/anaconda3/lib/python3.8/site-packages/joblib/parallel.py", line 252, in __call__
    return [func(*args, **kwargs)
  File "/root/anaconda3/lib/python3.8/site-packages/joblib/parallel.py", line 252, in <listcomp>
    return [func(*args, **kwargs)
  File "/root/anaconda3/lib/python3.8/site-packages/sklearn/model_selection/_validation.py", line 560, in _fit_and_score
    test_scores = _score(estimator, X_test, y_test, scorer)
  File "/root/anaconda3/lib/python3.8/site-packages/sklearn/model_selection/_validation.py", line 607, in _score
    scores = scorer(estimator, X_test, y_test)
  File "/root/anaconda3/lib/python3.8/site-packages/sklearn/metrics/_scorer.py", line 87, in __call__
    score = scorer._score(cached_call, estimator,
  File "/root/anaconda3/lib/python3.8/site-packages/sklearn/metrics/_scorer.py", line 212, in _score
    return self._sign * self._score_func(y_true, y_pred,
  File "/root/anaconda3/lib/python3.8/site-packages/sklearn/utils/validation.py", line 72, in inner_f
    return f(**kwargs)
  File "/root/anaconda3/lib/python3.8/site-packages/sklearn/metrics/_regression.py", line 178, in mean_absolute_error
    y_type, y_true, y_pred, multioutput = _check_reg_targets(
  File "/root/anaconda3/lib/python3.8/site-packages/sklearn/metrics/_regression.py", line 86, in _check_reg_targets
    y_pred = check_array(y_pred, ensure_2d=False, dtype=dtype)
  File "/root/anaconda3/lib/python3.8/site-packages/sklearn/utils/validation.py", line 72, in inner_f
    return f(**kwargs)
  File "/root/anaconda3/lib/python3.8/site-packages/sklearn/utils/validation.py", line 644, in check_array
    _assert_all_finite(array,
  File "/root/anaconda3/lib/python3.8/site-packages/sklearn/utils/validation.py", line 96, in _assert_all_finite
    raise ValueError(
ValueError: Input contains NaN, infinity or a value too large for dtype('float64').
"""

The above exception was the direct cause of the following exception:

Traceback (most recent call last):
  File "/root/anaconda3/lib/python3.8/site-packages/pycaret/internal/tabular.py", line 2161, in compare_models
    model, model_fit_time = create_model_supervised(
  File "/root/anaconda3/lib/python3.8/site-packages/pycaret/internal/tabular.py", line 3090, in create_model_supervised
    scores = cross_validate(
  File "/root/anaconda3/lib/python3.8/site-packages/sklearn/utils/validation.py", line 72, in inner_f
    return f(**kwargs)
  File "/root/anaconda3/lib/python3.8/site-packages/sklearn/model_selection/_validation.py", line 242, in cross_validate
    scores = parallel(
  File "/root/anaconda3/lib/python3.8/site-packages/joblib/parallel.py", line 1042, in __call__
    self.retrieve()
  File "/root/anaconda3/lib/python3.8/site-packages/joblib/parallel.py", line 921, in retrieve
    self._output.extend(job.get(timeout=self.timeout))
  File "/root/anaconda3/lib/python3.8/site-packages/joblib/_parallel_backends.py", line 542, in wrap_future_result
    return future.result(timeout=timeout)
  File "/root/anaconda3/lib/python3.8/concurrent/futures/_base.py", line 439, in result
    return self.__get_result()
  File "/root/anaconda3/lib/python3.8/concurrent/futures/_base.py", line 388, in __get_result
    raise self._exception
ValueError: Input contains NaN, infinity or a value too large for dtype('float64').

2021-03-31 17:01:08,271:INFO:Initializing Lasso Least Angle Regression
2021-03-31 17:01:08,271:INFO:Total runtime is 0.5957809726397196 minutes
2021-03-31 17:01:08,309:INFO:SubProcess create_model() called ==================================
2021-03-31 17:01:08,310:INFO:Initializing create_model()
2021-03-31 17:01:08,310:INFO:create_model(estimator=llar, fold=KFold(n_splits=10, random_state=2794, shuffle=False), round=4, cross_validation=True, predict=True, fit_kwargs={}, groups=None, refit=False, verbose=False, system=False, metrics=None, display=<pycaret.internal.Display.Display object at 0x7f1017a313a0>, kwargs={})
2021-03-31 17:01:08,310:INFO:Checking exceptions
2021-03-31 17:01:08,310:INFO:Importing libraries
2021-03-31 17:01:08,310:INFO:Copying training dataset
2021-03-31 17:01:08,317:INFO:Defining folds
2021-03-31 17:01:08,317:INFO:Declaring metric variables
2021-03-31 17:01:08,344:INFO:Importing untrained model
2021-03-31 17:01:08,366:INFO:Lasso Least Angle Regression Imported succesfully
2021-03-31 17:01:08,429:INFO:Starting cross validation
2021-03-31 17:01:08,432:INFO:Cross validating with KFold(n_splits=10, random_state=2794, shuffle=False), n_jobs=-1
2021-03-31 17:01:15,624:INFO:Calculating mean and std
2021-03-31 17:01:15,628:INFO:Creating metrics dataframe
2021-03-31 17:01:15,639:INFO:Uploading results into container
2021-03-31 17:01:15,644:INFO:Uploading model into container now
2021-03-31 17:01:15,644:INFO:create_model_container: 23
2021-03-31 17:01:15,644:INFO:master_model_container: 23
2021-03-31 17:01:15,644:INFO:display_container: 3
2021-03-31 17:01:15,645:INFO:LassoLars(alpha=1.0, copy_X=True, eps=2.220446049250313e-16, fit_intercept=True,
          fit_path=True, jitter=None, max_iter=500, normalize=True,
          positive=False, precompute='auto', random_state=2794, verbose=False)
2021-03-31 17:01:15,645:INFO:create_model() succesfully completed......................................
2021-03-31 17:01:15,901:INFO:SubProcess create_model() end ==================================
2021-03-31 17:01:15,902:INFO:Creating metrics dataframe
2021-03-31 17:01:15,962:INFO:Initializing Orthogonal Matching Pursuit
2021-03-31 17:01:15,962:INFO:Total runtime is 0.7239609042803447 minutes
2021-03-31 17:01:16,027:INFO:SubProcess create_model() called ==================================
2021-03-31 17:01:16,028:INFO:Initializing create_model()
2021-03-31 17:01:16,028:INFO:create_model(estimator=omp, fold=KFold(n_splits=10, random_state=2794, shuffle=False), round=4, cross_validation=True, predict=True, fit_kwargs={}, groups=None, refit=False, verbose=False, system=False, metrics=None, display=<pycaret.internal.Display.Display object at 0x7f1017a313a0>, kwargs={})
2021-03-31 17:01:16,028:INFO:Checking exceptions
2021-03-31 17:01:16,028:INFO:Importing libraries
2021-03-31 17:01:16,028:INFO:Copying training dataset
2021-03-31 17:01:16,034:INFO:Defining folds
2021-03-31 17:01:16,034:INFO:Declaring metric variables
2021-03-31 17:01:16,067:INFO:Importing untrained model
2021-03-31 17:01:16,101:INFO:Orthogonal Matching Pursuit Imported succesfully
2021-03-31 17:01:16,222:INFO:Starting cross validation
2021-03-31 17:01:16,224:INFO:Cross validating with KFold(n_splits=10, random_state=2794, shuffle=False), n_jobs=-1
2021-03-31 17:01:16,721:INFO:Calculating mean and std
2021-03-31 17:01:16,724:INFO:Creating metrics dataframe
2021-03-31 17:01:16,732:INFO:Uploading results into container
2021-03-31 17:01:16,732:INFO:Uploading model into container now
2021-03-31 17:01:16,733:INFO:create_model_container: 24
2021-03-31 17:01:16,733:INFO:master_model_container: 24
2021-03-31 17:01:16,733:INFO:display_container: 3
2021-03-31 17:01:16,733:INFO:OrthogonalMatchingPursuit(fit_intercept=True, n_nonzero_coefs=None,
                          normalize=True, precompute='auto', tol=None)
2021-03-31 17:01:16,734:INFO:create_model() succesfully completed......................................
2021-03-31 17:01:17,005:INFO:SubProcess create_model() end ==================================
2021-03-31 17:01:17,006:INFO:Creating metrics dataframe
2021-03-31 17:01:17,089:INFO:Initializing Bayesian Ridge
2021-03-31 17:01:17,089:INFO:Total runtime is 0.7427495201428731 minutes
2021-03-31 17:01:17,121:INFO:SubProcess create_model() called ==================================
2021-03-31 17:01:17,122:INFO:Initializing create_model()
2021-03-31 17:01:17,122:INFO:create_model(estimator=br, fold=KFold(n_splits=10, random_state=2794, shuffle=False), round=4, cross_validation=True, predict=True, fit_kwargs={}, groups=None, refit=False, verbose=False, system=False, metrics=None, display=<pycaret.internal.Display.Display object at 0x7f1017a313a0>, kwargs={})
2021-03-31 17:01:17,122:INFO:Checking exceptions
2021-03-31 17:01:17,123:INFO:Importing libraries
2021-03-31 17:01:17,123:INFO:Copying training dataset
2021-03-31 17:01:17,128:INFO:Defining folds
2021-03-31 17:01:17,129:INFO:Declaring metric variables
2021-03-31 17:01:17,198:INFO:Importing untrained model
2021-03-31 17:01:17,233:INFO:Bayesian Ridge Imported succesfully
2021-03-31 17:01:17,349:INFO:Starting cross validation
2021-03-31 17:01:17,350:INFO:Cross validating with KFold(n_splits=10, random_state=2794, shuffle=False), n_jobs=-1
2021-03-31 17:01:23,583:INFO:Calculating mean and std
2021-03-31 17:01:23,585:INFO:Creating metrics dataframe
2021-03-31 17:01:23,598:INFO:Uploading results into container
2021-03-31 17:01:23,598:INFO:Uploading model into container now
2021-03-31 17:01:23,598:INFO:create_model_container: 25
2021-03-31 17:01:23,598:INFO:master_model_container: 25
2021-03-31 17:01:23,598:INFO:display_container: 3
2021-03-31 17:01:23,599:INFO:BayesianRidge(alpha_1=1e-06, alpha_2=1e-06, alpha_init=None,
              compute_score=False, copy_X=True, fit_intercept=True,
              lambda_1=1e-06, lambda_2=1e-06, lambda_init=None, n_iter=300,
              normalize=False, tol=0.001, verbose=False)
2021-03-31 17:01:23,599:INFO:create_model() succesfully completed......................................
2021-03-31 17:01:23,840:INFO:SubProcess create_model() end ==================================
2021-03-31 17:01:23,840:INFO:Creating metrics dataframe
2021-03-31 17:01:23,887:INFO:Initializing Passive Aggressive Regressor
2021-03-31 17:01:23,888:INFO:Total runtime is 0.8560543338457743 minutes
2021-03-31 17:01:23,914:INFO:SubProcess create_model() called ==================================
2021-03-31 17:01:23,915:INFO:Initializing create_model()
2021-03-31 17:01:23,915:INFO:create_model(estimator=par, fold=KFold(n_splits=10, random_state=2794, shuffle=False), round=4, cross_validation=True, predict=True, fit_kwargs={}, groups=None, refit=False, verbose=False, system=False, metrics=None, display=<pycaret.internal.Display.Display object at 0x7f1017a313a0>, kwargs={})
2021-03-31 17:01:23,915:INFO:Checking exceptions
2021-03-31 17:01:23,923:INFO:Importing libraries
2021-03-31 17:01:23,923:INFO:Copying training dataset
2021-03-31 17:01:23,930:INFO:Defining folds
2021-03-31 17:01:23,930:INFO:Declaring metric variables
2021-03-31 17:01:23,962:INFO:Importing untrained model
2021-03-31 17:01:23,993:INFO:Passive Aggressive Regressor Imported succesfully
2021-03-31 17:01:24,045:INFO:Starting cross validation
2021-03-31 17:01:24,046:INFO:Cross validating with KFold(n_splits=10, random_state=2794, shuffle=False), n_jobs=-1
2021-03-31 17:01:24,666:INFO:Calculating mean and std
2021-03-31 17:01:24,671:INFO:Creating metrics dataframe
2021-03-31 17:01:24,677:INFO:Uploading results into container
2021-03-31 17:01:24,678:INFO:Uploading model into container now
2021-03-31 17:01:24,680:INFO:create_model_container: 26
2021-03-31 17:01:24,680:INFO:master_model_container: 26
2021-03-31 17:01:24,680:INFO:display_container: 3
2021-03-31 17:01:24,681:INFO:PassiveAggressiveRegressor(C=1.0, average=False, early_stopping=False,
                           epsilon=0.1, fit_intercept=True,
                           loss='epsilon_insensitive', max_iter=1000,
                           n_iter_no_change=5, random_state=2794, shuffle=True,
                           tol=0.001, validation_fraction=0.1, verbose=0,
                           warm_start=False)
2021-03-31 17:01:24,681:INFO:create_model() succesfully completed......................................
2021-03-31 17:01:25,027:INFO:SubProcess create_model() end ==================================
2021-03-31 17:01:25,027:INFO:Creating metrics dataframe
2021-03-31 17:01:25,118:INFO:Initializing Huber Regressor
2021-03-31 17:01:25,118:INFO:Total runtime is 0.8765565832455953 minutes
2021-03-31 17:01:25,180:INFO:SubProcess create_model() called ==================================
2021-03-31 17:01:25,180:INFO:Initializing create_model()
2021-03-31 17:01:25,181:INFO:create_model(estimator=huber, fold=KFold(n_splits=10, random_state=2794, shuffle=False), round=4, cross_validation=True, predict=True, fit_kwargs={}, groups=None, refit=False, verbose=False, system=False, metrics=None, display=<pycaret.internal.Display.Display object at 0x7f1017a313a0>, kwargs={})
2021-03-31 17:01:25,181:INFO:Checking exceptions
2021-03-31 17:01:25,184:INFO:Importing libraries
2021-03-31 17:01:25,185:INFO:Copying training dataset
2021-03-31 17:01:25,188:INFO:Defining folds
2021-03-31 17:01:25,188:INFO:Declaring metric variables
2021-03-31 17:01:25,224:INFO:Importing untrained model
2021-03-31 17:01:25,268:INFO:Huber Regressor Imported succesfully
2021-03-31 17:01:25,386:INFO:Starting cross validation
2021-03-31 17:01:25,387:INFO:Cross validating with KFold(n_splits=10, random_state=2794, shuffle=False), n_jobs=-1
2021-03-31 17:01:35,390:INFO:Calculating mean and std
2021-03-31 17:01:35,391:INFO:Creating metrics dataframe
2021-03-31 17:01:35,401:INFO:Uploading results into container
2021-03-31 17:01:35,401:INFO:Uploading model into container now
2021-03-31 17:01:35,403:INFO:create_model_container: 27
2021-03-31 17:01:35,403:INFO:master_model_container: 27
2021-03-31 17:01:35,403:INFO:display_container: 3
2021-03-31 17:01:35,403:INFO:HuberRegressor(alpha=0.0001, epsilon=1.35, fit_intercept=True, max_iter=100,
               tol=1e-05, warm_start=False)
2021-03-31 17:01:35,404:INFO:create_model() succesfully completed......................................
2021-03-31 17:01:35,652:INFO:SubProcess create_model() end ==================================
2021-03-31 17:01:35,652:INFO:Creating metrics dataframe
2021-03-31 17:01:35,733:INFO:Initializing K Neighbors Regressor
2021-03-31 17:01:35,733:INFO:Total runtime is 1.0534791469573974 minutes
2021-03-31 17:01:35,764:INFO:SubProcess create_model() called ==================================
2021-03-31 17:01:35,765:INFO:Initializing create_model()
2021-03-31 17:01:35,765:INFO:create_model(estimator=knn, fold=KFold(n_splits=10, random_state=2794, shuffle=False), round=4, cross_validation=True, predict=True, fit_kwargs={}, groups=None, refit=False, verbose=False, system=False, metrics=None, display=<pycaret.internal.Display.Display object at 0x7f1017a313a0>, kwargs={})
2021-03-31 17:01:35,765:INFO:Checking exceptions
2021-03-31 17:01:35,765:INFO:Importing libraries
2021-03-31 17:01:35,765:INFO:Copying training dataset
2021-03-31 17:01:35,769:INFO:Defining folds
2021-03-31 17:01:35,770:INFO:Declaring metric variables
2021-03-31 17:01:35,794:INFO:Importing untrained model
2021-03-31 17:01:35,849:INFO:K Neighbors Regressor Imported succesfully
2021-03-31 17:01:35,932:INFO:Starting cross validation
2021-03-31 17:01:35,936:INFO:Cross validating with KFold(n_splits=10, random_state=2794, shuffle=False), n_jobs=-1
2021-03-31 17:01:37,526:INFO:Calculating mean and std
2021-03-31 17:01:37,528:INFO:Creating metrics dataframe
2021-03-31 17:01:37,545:INFO:Uploading results into container
2021-03-31 17:01:37,545:INFO:Uploading model into container now
2021-03-31 17:01:37,545:INFO:create_model_container: 28
2021-03-31 17:01:37,545:INFO:master_model_container: 28
2021-03-31 17:01:37,545:INFO:display_container: 3
2021-03-31 17:01:37,546:INFO:KNeighborsRegressor(algorithm='auto', leaf_size=30, metric='minkowski',
                    metric_params=None, n_jobs=-1, n_neighbors=5, p=2,
                    weights='uniform')
2021-03-31 17:01:37,546:INFO:create_model() succesfully completed......................................
2021-03-31 17:01:37,792:INFO:SubProcess create_model() end ==================================
2021-03-31 17:01:37,792:INFO:Creating metrics dataframe
2021-03-31 17:01:37,851:INFO:Initializing Decision Tree Regressor
2021-03-31 17:01:37,851:INFO:Total runtime is 1.0887776533762614 minutes
2021-03-31 17:01:37,874:INFO:SubProcess create_model() called ==================================
2021-03-31 17:01:37,875:INFO:Initializing create_model()
2021-03-31 17:01:37,875:INFO:create_model(estimator=dt, fold=KFold(n_splits=10, random_state=2794, shuffle=False), round=4, cross_validation=True, predict=True, fit_kwargs={}, groups=None, refit=False, verbose=False, system=False, metrics=None, display=<pycaret.internal.Display.Display object at 0x7f1017a313a0>, kwargs={})
2021-03-31 17:01:37,875:INFO:Checking exceptions
2021-03-31 17:01:37,875:INFO:Importing libraries
2021-03-31 17:01:37,875:INFO:Copying training dataset
2021-03-31 17:01:37,878:INFO:Defining folds
2021-03-31 17:01:37,878:INFO:Declaring metric variables
2021-03-31 17:01:37,900:INFO:Importing untrained model
2021-03-31 17:01:37,920:INFO:Decision Tree Regressor Imported succesfully
2021-03-31 17:01:37,966:INFO:Starting cross validation
2021-03-31 17:01:37,967:INFO:Cross validating with KFold(n_splits=10, random_state=2794, shuffle=False), n_jobs=-1
2021-03-31 17:01:38,838:INFO:Calculating mean and std
2021-03-31 17:01:38,845:INFO:Creating metrics dataframe
2021-03-31 17:01:38,855:INFO:Uploading results into container
2021-03-31 17:01:38,856:INFO:Uploading model into container now
2021-03-31 17:01:38,856:INFO:create_model_container: 29
2021-03-31 17:01:38,856:INFO:master_model_container: 29
2021-03-31 17:01:38,856:INFO:display_container: 3
2021-03-31 17:01:38,857:INFO:DecisionTreeRegressor(ccp_alpha=0.0, criterion='mse', max_depth=None,
                      max_features=None, max_leaf_nodes=None,
                      min_impurity_decrease=0.0, min_impurity_split=None,
                      min_samples_leaf=1, min_samples_split=2,
                      min_weight_fraction_leaf=0.0, presort='deprecated',
                      random_state=2794, splitter='best')
2021-03-31 17:01:38,857:INFO:create_model() succesfully completed......................................
2021-03-31 17:01:39,109:INFO:SubProcess create_model() end ==================================
2021-03-31 17:01:39,110:INFO:Creating metrics dataframe
2021-03-31 17:01:39,177:INFO:Initializing Random Forest Regressor
2021-03-31 17:01:39,177:INFO:Total runtime is 1.11088015238444 minutes
2021-03-31 17:01:39,208:INFO:SubProcess create_model() called ==================================
2021-03-31 17:01:39,208:INFO:Initializing create_model()
2021-03-31 17:01:39,209:INFO:create_model(estimator=rf, fold=KFold(n_splits=10, random_state=2794, shuffle=False), round=4, cross_validation=True, predict=True, fit_kwargs={}, groups=None, refit=False, verbose=False, system=False, metrics=None, display=<pycaret.internal.Display.Display object at 0x7f1017a313a0>, kwargs={})
2021-03-31 17:01:39,209:INFO:Checking exceptions
2021-03-31 17:01:39,209:INFO:Importing libraries
2021-03-31 17:01:39,209:INFO:Copying training dataset
2021-03-31 17:01:39,212:INFO:Defining folds
2021-03-31 17:01:39,212:INFO:Declaring metric variables
2021-03-31 17:01:39,239:INFO:Importing untrained model
2021-03-31 17:01:39,306:INFO:Random Forest Regressor Imported succesfully
2021-03-31 17:01:39,399:INFO:Starting cross validation
2021-03-31 17:01:39,400:INFO:Cross validating with KFold(n_splits=10, random_state=2794, shuffle=False), n_jobs=-1
2021-03-31 17:02:09,217:INFO:Calculating mean and std
2021-03-31 17:02:09,220:INFO:Creating metrics dataframe
2021-03-31 17:02:09,245:INFO:Uploading results into container
2021-03-31 17:02:09,246:INFO:Uploading model into container now
2021-03-31 17:02:09,246:INFO:create_model_container: 30
2021-03-31 17:02:09,246:INFO:master_model_container: 30
2021-03-31 17:02:09,246:INFO:display_container: 3
2021-03-31 17:02:09,247:INFO:RandomForestRegressor(bootstrap=True, ccp_alpha=0.0, criterion='mse',
                      max_depth=None, max_features='auto', max_leaf_nodes=None,
                      max_samples=None, min_impurity_decrease=0.0,
                      min_impurity_split=None, min_samples_leaf=1,
                      min_samples_split=2, min_weight_fraction_leaf=0.0,
                      n_estimators=100, n_jobs=-1, oob_score=False,
                      random_state=2794, verbose=0, warm_start=False)
2021-03-31 17:02:09,248:INFO:create_model() succesfully completed......................................
2021-03-31 17:02:09,502:INFO:SubProcess create_model() end ==================================
2021-03-31 17:02:09,504:INFO:Creating metrics dataframe
2021-03-31 17:02:09,587:INFO:Initializing Extra Trees Regressor
2021-03-31 17:02:09,587:INFO:Total runtime is 1.6177126963933308 minutes
2021-03-31 17:02:09,613:INFO:SubProcess create_model() called ==================================
2021-03-31 17:02:09,614:INFO:Initializing create_model()
2021-03-31 17:02:09,614:INFO:create_model(estimator=et, fold=KFold(n_splits=10, random_state=2794, shuffle=False), round=4, cross_validation=True, predict=True, fit_kwargs={}, groups=None, refit=False, verbose=False, system=False, metrics=None, display=<pycaret.internal.Display.Display object at 0x7f1017a313a0>, kwargs={})
2021-03-31 17:02:09,614:INFO:Checking exceptions
2021-03-31 17:02:09,614:INFO:Importing libraries
2021-03-31 17:02:09,614:INFO:Copying training dataset
2021-03-31 17:02:09,618:INFO:Defining folds
2021-03-31 17:02:09,618:INFO:Declaring metric variables
2021-03-31 17:02:09,640:INFO:Importing untrained model
2021-03-31 17:02:09,658:INFO:Extra Trees Regressor Imported succesfully
2021-03-31 17:02:09,727:INFO:Starting cross validation
2021-03-31 17:02:09,728:INFO:Cross validating with KFold(n_splits=10, random_state=2794, shuffle=False), n_jobs=-1
2021-03-31 17:02:42,108:INFO:Calculating mean and std
2021-03-31 17:02:42,111:INFO:Creating metrics dataframe
2021-03-31 17:02:42,139:INFO:Uploading results into container
2021-03-31 17:02:42,139:INFO:Uploading model into container now
2021-03-31 17:02:42,139:INFO:create_model_container: 31
2021-03-31 17:02:42,139:INFO:master_model_container: 31
2021-03-31 17:02:42,139:INFO:display_container: 3
2021-03-31 17:02:42,140:INFO:ExtraTreesRegressor(bootstrap=False, ccp_alpha=0.0, criterion='mse',
                    max_depth=None, max_features='auto', max_leaf_nodes=None,
                    max_samples=None, min_impurity_decrease=0.0,
                    min_impurity_split=None, min_samples_leaf=1,
                    min_samples_split=2, min_weight_fraction_leaf=0.0,
                    n_estimators=100, n_jobs=-1, oob_score=False,
                    random_state=2794, verbose=0, warm_start=False)
2021-03-31 17:02:42,141:INFO:create_model() succesfully completed......................................
2021-03-31 17:02:42,407:INFO:SubProcess create_model() end ==================================
2021-03-31 17:02:42,407:INFO:Creating metrics dataframe
2021-03-31 17:02:42,496:INFO:Initializing AdaBoost Regressor
2021-03-31 17:02:42,497:INFO:Total runtime is 2.1662054101626076 minutes
2021-03-31 17:02:42,531:INFO:SubProcess create_model() called ==================================
2021-03-31 17:02:42,532:INFO:Initializing create_model()
2021-03-31 17:02:42,533:INFO:create_model(estimator=ada, fold=KFold(n_splits=10, random_state=2794, shuffle=False), round=4, cross_validation=True, predict=True, fit_kwargs={}, groups=None, refit=False, verbose=False, system=False, metrics=None, display=<pycaret.internal.Display.Display object at 0x7f1017a313a0>, kwargs={})
2021-03-31 17:02:42,533:INFO:Checking exceptions
2021-03-31 17:02:42,533:INFO:Importing libraries
2021-03-31 17:02:42,533:INFO:Copying training dataset
2021-03-31 17:02:42,536:INFO:Defining folds
2021-03-31 17:02:42,537:INFO:Declaring metric variables
2021-03-31 17:02:42,569:INFO:Importing untrained model
2021-03-31 17:02:42,637:INFO:AdaBoost Regressor Imported succesfully
2021-03-31 17:02:42,743:INFO:Starting cross validation
2021-03-31 17:02:42,745:INFO:Cross validating with KFold(n_splits=10, random_state=2794, shuffle=False), n_jobs=-1
2021-03-31 17:02:51,040:INFO:Calculating mean and std
2021-03-31 17:02:51,042:INFO:Creating metrics dataframe
2021-03-31 17:02:51,057:INFO:Uploading results into container
2021-03-31 17:02:51,057:INFO:Uploading model into container now
2021-03-31 17:02:51,057:INFO:create_model_container: 32
2021-03-31 17:02:51,057:INFO:master_model_container: 32
2021-03-31 17:02:51,057:INFO:display_container: 3
2021-03-31 17:02:51,058:INFO:AdaBoostRegressor(base_estimator=None, learning_rate=1.0, loss='linear',
                  n_estimators=50, random_state=2794)
2021-03-31 17:02:51,058:INFO:create_model() succesfully completed......................................
2021-03-31 17:02:51,303:INFO:SubProcess create_model() end ==================================
2021-03-31 17:02:51,303:INFO:Creating metrics dataframe
2021-03-31 17:02:51,370:INFO:Initializing Gradient Boosting Regressor
2021-03-31 17:02:51,370:INFO:Total runtime is 2.3140909393628437 minutes
2021-03-31 17:02:51,392:INFO:SubProcess create_model() called ==================================
2021-03-31 17:02:51,393:INFO:Initializing create_model()
2021-03-31 17:02:51,393:INFO:create_model(estimator=gbr, fold=KFold(n_splits=10, random_state=2794, shuffle=False), round=4, cross_validation=True, predict=True, fit_kwargs={}, groups=None, refit=False, verbose=False, system=False, metrics=None, display=<pycaret.internal.Display.Display object at 0x7f1017a313a0>, kwargs={})
2021-03-31 17:02:51,393:INFO:Checking exceptions
2021-03-31 17:02:51,393:INFO:Importing libraries
2021-03-31 17:02:51,393:INFO:Copying training dataset
2021-03-31 17:02:51,396:INFO:Defining folds
2021-03-31 17:02:51,396:INFO:Declaring metric variables
2021-03-31 17:02:51,419:INFO:Importing untrained model
2021-03-31 17:02:51,447:INFO:Gradient Boosting Regressor Imported succesfully
2021-03-31 17:02:51,500:INFO:Starting cross validation
2021-03-31 17:02:51,501:INFO:Cross validating with KFold(n_splits=10, random_state=2794, shuffle=False), n_jobs=-1
2021-03-31 17:02:58,477:INFO:Calculating mean and std
2021-03-31 17:02:58,480:INFO:Creating metrics dataframe
2021-03-31 17:02:58,493:INFO:Uploading results into container
2021-03-31 17:02:58,494:INFO:Uploading model into container now
2021-03-31 17:02:58,494:INFO:create_model_container: 33
2021-03-31 17:02:58,494:INFO:master_model_container: 33
2021-03-31 17:02:58,494:INFO:display_container: 3
2021-03-31 17:02:58,495:INFO:GradientBoostingRegressor(alpha=0.9, ccp_alpha=0.0, criterion='friedman_mse',
                          init=None, learning_rate=0.1, loss='ls', max_depth=3,
                          max_features=None, max_leaf_nodes=None,
                          min_impurity_decrease=0.0, min_impurity_split=None,
                          min_samples_leaf=1, min_samples_split=2,
                          min_weight_fraction_leaf=0.0, n_estimators=100,
                          n_iter_no_change=None, presort='deprecated',
                          random_state=2794, subsample=1.0, tol=0.0001,
                          validation_fraction=0.1, verbose=0, warm_start=False)
2021-03-31 17:02:58,496:INFO:create_model() succesfully completed......................................
2021-03-31 17:02:58,713:INFO:SubProcess create_model() end ==================================
2021-03-31 17:02:58,713:INFO:Creating metrics dataframe
2021-03-31 17:02:58,795:INFO:Initializing Extreme Gradient Boosting
2021-03-31 17:02:58,795:INFO:Total runtime is 2.4378483295440674 minutes
2021-03-31 17:02:58,822:INFO:SubProcess create_model() called ==================================
2021-03-31 17:02:58,823:INFO:Initializing create_model()
2021-03-31 17:02:58,823:INFO:create_model(estimator=xgboost, fold=KFold(n_splits=10, random_state=2794, shuffle=False), round=4, cross_validation=True, predict=True, fit_kwargs={}, groups=None, refit=False, verbose=False, system=False, metrics=None, display=<pycaret.internal.Display.Display object at 0x7f1017a313a0>, kwargs={})
2021-03-31 17:02:58,823:INFO:Checking exceptions
2021-03-31 17:02:58,823:INFO:Importing libraries
2021-03-31 17:02:58,823:INFO:Copying training dataset
2021-03-31 17:02:58,826:INFO:Defining folds
2021-03-31 17:02:58,826:INFO:Declaring metric variables
2021-03-31 17:02:58,851:INFO:Importing untrained model
2021-03-31 17:02:58,895:INFO:Extreme Gradient Boosting Imported succesfully
2021-03-31 17:02:58,952:INFO:Starting cross validation
2021-03-31 17:02:58,956:INFO:Cross validating with KFold(n_splits=10, random_state=2794, shuffle=False), n_jobs=-1
2021-03-31 17:03:38,653:INFO:Calculating mean and std
2021-03-31 17:03:38,656:INFO:Creating metrics dataframe
2021-03-31 17:03:38,669:INFO:Uploading results into container
2021-03-31 17:03:38,669:INFO:Uploading model into container now
2021-03-31 17:03:38,669:INFO:create_model_container: 34
2021-03-31 17:03:38,669:INFO:master_model_container: 34
2021-03-31 17:03:38,670:INFO:display_container: 3
2021-03-31 17:03:38,671:INFO:XGBRegressor(base_score=None, booster='gbtree', colsample_bylevel=None,
             colsample_bynode=None, colsample_bytree=None, gamma=None,
             gpu_id=None, importance_type='gain', interaction_constraints=None,
             learning_rate=None, max_delta_step=None, max_depth=None,
             min_child_weight=None, missing=nan, monotone_constraints=None,
             n_estimators=100, n_jobs=-1, num_parallel_tree=None,
             objective='reg:squarederror', random_state=2794, reg_alpha=None,
             reg_lambda=None, scale_pos_weight=None, subsample=None,
             tree_method='auto', validate_parameters=None, verbosity=0)
2021-03-31 17:03:38,671:INFO:create_model() succesfully completed......................................
2021-03-31 17:03:38,881:INFO:SubProcess create_model() end ==================================
2021-03-31 17:03:38,882:INFO:Creating metrics dataframe
2021-03-31 17:03:38,955:INFO:Initializing Light Gradient Boosting Machine
2021-03-31 17:03:38,955:INFO:Total runtime is 3.1071788986523945 minutes
2021-03-31 17:03:38,979:INFO:SubProcess create_model() called ==================================
2021-03-31 17:03:38,980:INFO:Initializing create_model()
2021-03-31 17:03:38,980:INFO:create_model(estimator=lightgbm, fold=KFold(n_splits=10, random_state=2794, shuffle=False), round=4, cross_validation=True, predict=True, fit_kwargs={}, groups=None, refit=False, verbose=False, system=False, metrics=None, display=<pycaret.internal.Display.Display object at 0x7f1017a313a0>, kwargs={})
2021-03-31 17:03:38,980:INFO:Checking exceptions
2021-03-31 17:03:38,980:INFO:Importing libraries
2021-03-31 17:03:38,980:INFO:Copying training dataset
2021-03-31 17:03:38,983:INFO:Defining folds
2021-03-31 17:03:38,983:INFO:Declaring metric variables
2021-03-31 17:03:39,006:INFO:Importing untrained model
2021-03-31 17:03:39,029:INFO:Light Gradient Boosting Machine Imported succesfully
2021-03-31 17:03:39,127:INFO:Starting cross validation
2021-03-31 17:03:39,133:INFO:Cross validating with KFold(n_splits=10, random_state=2794, shuffle=False), n_jobs=-1
2021-03-31 17:03:41,352:INFO:Calculating mean and std
2021-03-31 17:03:41,355:INFO:Creating metrics dataframe
2021-03-31 17:03:41,367:INFO:Uploading results into container
2021-03-31 17:03:41,368:INFO:Uploading model into container now
2021-03-31 17:03:41,368:INFO:create_model_container: 35
2021-03-31 17:03:41,368:INFO:master_model_container: 35
2021-03-31 17:03:41,368:INFO:display_container: 3
2021-03-31 17:03:41,369:INFO:LGBMRegressor(boosting_type='gbdt', class_weight=None, colsample_bytree=1.0,
              importance_type='split', learning_rate=0.1, max_depth=-1,
              min_child_samples=20, min_child_weight=0.001, min_split_gain=0.0,
              n_estimators=100, n_jobs=-1, num_leaves=31, objective=None,
              random_state=2794, reg_alpha=0.0, reg_lambda=0.0, silent=True,
              subsample=1.0, subsample_for_bin=200000, subsample_freq=0)
2021-03-31 17:03:41,369:INFO:create_model() succesfully completed......................................
2021-03-31 17:03:41,586:INFO:SubProcess create_model() end ==================================
2021-03-31 17:03:41,586:INFO:Creating metrics dataframe
2021-03-31 17:03:41,663:INFO:Initializing CatBoost Regressor
2021-03-31 17:03:41,663:INFO:Total runtime is 3.15230712890625 minutes
2021-03-31 17:03:41,681:INFO:SubProcess create_model() called ==================================
2021-03-31 17:03:41,682:INFO:Initializing create_model()
2021-03-31 17:03:41,682:INFO:create_model(estimator=catboost, fold=KFold(n_splits=10, random_state=2794, shuffle=False), round=4, cross_validation=True, predict=True, fit_kwargs={}, groups=None, refit=False, verbose=False, system=False, metrics=None, display=<pycaret.internal.Display.Display object at 0x7f1017a313a0>, kwargs={})
2021-03-31 17:03:41,682:INFO:Checking exceptions
2021-03-31 17:03:41,682:INFO:Importing libraries
2021-03-31 17:03:41,682:INFO:Copying training dataset
2021-03-31 17:03:41,685:INFO:Defining folds
2021-03-31 17:03:41,685:INFO:Declaring metric variables
2021-03-31 17:03:41,703:INFO:Importing untrained model
2021-03-31 17:03:41,722:INFO:CatBoost Regressor Imported succesfully
2021-03-31 17:03:41,782:INFO:Starting cross validation
2021-03-31 17:03:41,784:INFO:Cross validating with KFold(n_splits=10, random_state=2794, shuffle=False), n_jobs=-1
2021-03-31 17:04:59,172:INFO:Calculating mean and std
2021-03-31 17:04:59,174:INFO:Creating metrics dataframe
2021-03-31 17:04:59,187:INFO:Uploading results into container
2021-03-31 17:04:59,187:INFO:Uploading model into container now
2021-03-31 17:04:59,187:INFO:create_model_container: 36
2021-03-31 17:04:59,187:INFO:master_model_container: 36
2021-03-31 17:04:59,188:INFO:display_container: 3
2021-03-31 17:04:59,188:INFO:<catboost.core.CatBoostRegressor object at 0x7f100c88fc70>
2021-03-31 17:04:59,188:INFO:create_model() succesfully completed......................................
2021-03-31 17:04:59,399:INFO:SubProcess create_model() end ==================================
2021-03-31 17:04:59,400:INFO:Creating metrics dataframe
2021-03-31 17:04:59,539:INFO:Initializing create_model()
2021-03-31 17:04:59,540:INFO:create_model(estimator=<catboost.core.CatBoostRegressor object at 0x7f100c88fc70>, fold=KFold(n_splits=10, random_state=2794, shuffle=False), round=4, cross_validation=False, predict=False, fit_kwargs={}, groups=None, refit=True, verbose=False, system=False, metrics=None, display=None, kwargs={})
2021-03-31 17:04:59,540:INFO:Checking exceptions
2021-03-31 17:04:59,540:INFO:Importing libraries
2021-03-31 17:04:59,540:INFO:Copying training dataset
2021-03-31 17:04:59,542:INFO:Defining folds
2021-03-31 17:04:59,543:INFO:Declaring metric variables
2021-03-31 17:04:59,543:INFO:Importing untrained model
2021-03-31 17:04:59,543:INFO:Declaring custom model
2021-03-31 17:04:59,543:INFO:CatBoost Regressor Imported succesfully
2021-03-31 17:04:59,544:INFO:Cross validation set to False
2021-03-31 17:04:59,545:INFO:Fitting Model
2021-03-31 17:05:08,122:INFO:<catboost.core.CatBoostRegressor object at 0x7f100c3f4ac0>
2021-03-31 17:05:08,123:INFO:create_models() succesfully completed......................................
2021-03-31 17:05:08,602:INFO:create_model_container: 36
2021-03-31 17:05:08,603:INFO:master_model_container: 36
2021-03-31 17:05:08,603:INFO:display_container: 3
2021-03-31 17:05:08,603:INFO:<catboost.core.CatBoostRegressor object at 0x7f100c3f4ac0>
2021-03-31 17:05:08,603:INFO:compare_models() succesfully completed......................................
